Begining Log likelihood =-39.839849991279344
iter = 1
normlog=57.90735414662579
nu=17.800000000000004
iglog =2.825845483721661
nu=19.520175069445337
iglog =2.957968610176037
nu=16.2487160665058
iglog =2.711981541746025
nu=14.84974111037345
iglog =2.6146071513490443
nu=12.450370038203891
iglog =2.4631124432553833
nu=10.499022120159713
iglog =2.360433028144164
nu=7.621387729022098
iglog =2.267877330913941
nu=5.718074803575919
iglog =2.28495298508585
nu=5.718074803575919
iglog =2.28495298508585
nu=6.571732721453423
iglog =2.265144299267749
nu=5.718074803575919
iglog =2.28495298508585
nu=7.06946567408707
iglog =2.2634312625021114
nu=7.621387729022098
iglog =2.267877330913941
nu=6.8141709673119
iglog =2.2635529848868488
nu=7.338298617819333
iglog =2.2648483052925044
nu=6.940169477657039
iglog =2.2633041938487968
nu=6.8141709673119
iglog =2.2635529848868488
nu=7.004400023095178
iglog =2.263320203537616
nu=6.876763319347876
iglog =2.263382145230268
nu=6.972181035328559
iglog =2.263300385909977
nu=7.004400023095178
iglog =2.263320203537616
nu=6.956149411399471
iglog =2.2632993451774497
nu=6.940169477657039
iglog =2.2633041938487968
nu=6.964158751653219
iglog =2.263299128308859
nu=6.972181035328559
iglog =2.263300385909977
nu=6.960152464904646
iglog =2.2632990525670094
nu=6.956149411399472
iglog =2.2632993451774506
nu=6.96215520396034
iglog =2.2632990443773355
nu=6.964158751653219
iglog =2.263299128308859
nu=6.961153733373246
iglog =2.2632990369590944
nu=6.960152464904646
iglog =2.2632990525670094
nu=6.961654443399432
iglog =2.2632990377896864
nu=6.960653073876684
iglog =2.263299041885041
nu=6.9614040820698175
iglog =2.2632990366547907
nu=6.961654443399432
iglog =2.2632990377896864
nu=6.961278906142441
iglog =2.263299036627046
nu=6.961153733373246
iglog =2.2632990369590944
nu=6.961341493711352
iglog =2.263299036595944
nu=6.9614040820698175
iglog =2.2632990366547907
nu=6.961310199828203
iglog =2.2632990366002512
nu=6.96137278779189
iglog =2.263299036614124
nu=6.961325846745104
iglog =2.2632990365952876
nu=6.961310199828203
iglog =2.2632990366002512
nu=6.96133367022206
iglog =2.263299036594913
nu=6.961341493711353
iglog =2.263299036595944
nu=6.96132975848204
iglog =2.263299036594924
Current Loglikelihood=-38.90324970344347
Current value of lamb=-3.48066683511103
Current Difference = 0.9366002878358728
iter = 2
normlog=55.43863852018394
nu=6.96133367022206
iglog =1.975800648441914
nu=7.191906445028228
iglog =1.9760578950361187
nu=6.741000641652599
iglog =1.97669511849993
nu=7.075310853372576
iglog =1.9757823801884646
nu=7.191906445028228
iglog =1.9760578950361187
nu=7.017998667166106
iglog =1.9757551630378423
nu=6.96133367022206
iglog =1.975800648441914
nu=7.046573401594121
iglog =1.9757596377054847
nu=6.989585728749494
iglog =1.975768863864785
nu=7.032265752417614
iglog =1.9757551226783387
nu=7.046573401594121
iglog =1.9757596377054847
nu=7.025127146496617
iglog =1.9757545741557305
nu=7.017998667166105
iglog =1.9757551630378423
nu=7.02869518273468
iglog =1.9757547061514114
nu=7.021561641905856
iglog =1.9757547265111945
nu=7.026910848047417
iglog =1.9757546045984244
nu=7.0233440778576215
iglog =1.9757546148008207
nu=7.026018918144002
iglog =1.9757545804896988
nu=7.0242355330771815
iglog =1.9757545855937086
nu=7.025573012540061
iglog =1.975754575101045
nu=7.02468132001016
iglog =1.9757545776534025
nu=7.025350074573496
iglog =1.9757545740729918
nu=7.025573012540061
iglog =1.975754575101045
nu=7.0252386092988734
iglog =1.9757545739755153
nu=7.025127146496617
iglog =1.9757545741557305
nu=7.025294341627135
iglog =1.9757545739895424
nu=7.025182877588702
iglog =1.9757545740309121
nu=7.025266475385743
iglog =1.9757545739738505
nu=7.025294341627136
iglog =1.9757545739895417
nu=7.025252542322992
iglog =1.9757545739725135
nu=7.025238609298873
iglog =1.9757545739755153
nu=7.025259508849539
iglog =1.97575457397264
nu=7.025245575806103
iglog =1.9757545739734723
nu=7.025256025585058
iglog =1.975754573972441
Current Loglikelihood=-38.751894680119115
Current value of lamb=-3.512628012792529
Current Difference = 0.15135502332435635
iter = 3
normlog=55.44361612917699
nu=7.025256025585058
iglog =1.9706944274302198
nu=7.26216671078285
iglog =1.971585072707345
nu=6.799011416900174
iglog =1.971014535343229
nu=6.910830992778014
iglog =1.9707062308298857
nu=7.142347223884694
iglog =1.9709852728382498
nu=6.967714065552442
iglog =1.9706628859217525
nu=6.910830992778014
iglog =1.9707062308298857
nu=6.996402209720616
iglog =1.9706692477716847
nu=6.939190641833356
iglog =1.970675245523402
nu=6.982037488255824
iglog =1.9706637206573
nu=6.953431822875991
iglog =1.9706667315395665
nu=6.974870621987874
iglog =1.9706627174946598
nu=6.982037488255824
iglog =1.9706637206573
nu=6.971291055968538
iglog =1.9706626553534201
nu=6.967714065552442
iglog =1.9706628859217525
nu=6.9730805169119225
iglog =1.970662649823607
nu=6.974870621987874
iglog =1.9706627174946598
nu=6.972185705938148
iglog =1.9706626434398735
nu=6.971291055968538
iglog =1.9706626553534201
nu=6.972633091297704
iglog =1.9706626443443966
nu=6.971738360829633
iglog =1.9706626471096698
nu=6.972409393586319
iglog =1.9706626433203223
nu=6.972633091297703
iglog =1.970662644344396
nu=6.9722975485043595
iglog =1.9706626432371468
nu=6.972185705938148
iglog =1.9706626434398735
nu=6.972353470730868
iglog =1.9706626432429963
nu=6.972241626906789
iglog =1.970662643302773
nu=6.972325509538996
iglog =1.9706626432311376
nu=6.972353470730868
iglog =1.9706626432429963
nu=6.972311529002024
iglog =1.970662643231908
nu=6.972339490115278
iglog =1.9706626432348335
nu=6.972318519265596
iglog =1.9706626432309649
nu=6.972311529002024
iglog =1.970662643231908
nu=6.972322014401068
iglog =1.9706626432309113
Current Loglikelihood=-38.75823926187513
Current value of lamb=-3.486161007200534
Current Difference = -0.006344581756017931
iter = 4
normlog=55.45578393382543
nu=6.972322014401068
iglog =1.9694970184008305
nu=7.203981079832514
iglog =1.970142030868461
nu=6.750975423548852
iglog =1.970026232806331
nu=6.860388841274985
iglog =1.9696178073245436
nu=7.086832972073867
iglog =1.969669748793397
nu=6.916036862557166
iglog =1.9695210940891654
nu=7.029251591501871
iglog =1.9695463202040786
nu=6.9440993431868
iglog =1.96949993052304
nu=7.000705790624596
iglog =1.9695124505054256
nu=6.958190597941309
iglog =1.969496187246175
nu=6.944099343186801
iglog =1.9694999305230407
nu=6.965251278811573
iglog =1.9694960302944136
nu=6.972322014401068
iglog =1.9694970184008305
nu=6.9617196824306395
iglog =1.9694959657287556
nu=6.958190597941309
iglog =1.969496187246175
nu=6.9634851665229425
iglog =1.9694959622398631
nu=6.965251278811573
iglog =1.9694960302944136
nu=6.962602345966218
iglog =1.9694959550427962
nu=6.9617196824306395
iglog =1.9694959657287556
nu=6.963043736615191
iglog =1.9694959564057748
nu=6.962160994572531
iglog =1.9694959581505744
nu=6.9628230363835755
iglog =1.9694959551654183
nu=6.962381665362681
iglog =1.9694959560378622
nu=6.962712689948141
iglog =1.9694959549643942
nu=6.9628230363835755
iglog =1.9694959551654183
nu=6.962657517650494
iglog =1.969495954968667
nu=6.962767862859166
iglog =1.969495955029977
nu=6.962685103722646
iglog =1.9694959549577986
nu=6.962657517650494
iglog =1.969495954968667
nu=6.962698896816226
iglog =1.9694959549589126
nu=6.962671310667401
iglog =1.969495954961049
nu=6.962692000264644
iglog =1.9694959549578095
nu=6.962678207190232
iglog =1.9694959549588777
nu=6.962688551992447
iglog =1.9694959549576674
Current Loglikelihood=-38.75926904535473
Current value of lamb=-3.4813442759962236
Current Difference = -0.0010297834795949257
iter = 5
normlog=55.45554928564473
nu=6.962688551992447
iglog =1.9691910015479341
nu=7.193395196093771
iglog =1.9697897993759368
nu=6.742230609101562
iglog =1.9697597403305591
nu=6.85120743266009
iglog =1.9693323647384569
nu=7.076731516007826
iglog =1.9693414854833342
nu=6.906631389191865
iglog =1.9692255703566297
nu=7.019386155301393
iglog =1.9692293922066844
nu=6.93458036959469
iglog =1.9691992121030182
nu=6.990956843225916
iglog =1.9692010307150865
nu=6.948614503987376
iglog =1.9691928326252
nu=6.9768026271257355
iglog =1.969193730392188
nu=6.95564653170118
iglog =1.9691913478172842
nu=6.9697405790607245
iglog =1.9691917952583988
nu=6.959166291887631
iglog =1.9691910322752626
nu=6.9662133137912
iglog =1.9691912558155233
nu=6.9609271093393
iglog =1.9691909812985016
nu=6.959166291887631
iglog =1.9691910322752626
nu=6.961807752501817
iglog =1.9691909825185345
nu=6.960046622477152
iglog =1.9691909978850162
nu=6.961367411381278
iglog =1.9691909796825242
nu=6.961807752501816
iglog =1.9691909825185347
nu=6.9611472554756855
iglog =1.969190979934035
nu=6.96158757705651
iglog =1.9691909805440082
nu=6.961257332207304
iglog =1.969190979669157
nu=6.961147255475686
iglog =1.9691909799340366
nu=6.961312371488993
iglog =1.9691909796410603
nu=6.961367411381278
iglog =1.9691909796825242
nu=6.961284851771825
iglog =1.9691909796464142
nu=6.9613398913588105
iglog =1.9691909796530966
nu=6.961298611611328
iglog =1.9691909796415628
nu=6.961326131404821
iglog =1.9691909796449045
nu=6.9613054915453905
iglog =1.969190979640768
nu=6.961298611611328
iglog =1.9691909796415628
nu=6.961308931515998
iglog =1.9691909796407785
Current Loglikelihood=-38.758772303352465
Current value of lamb=-3.4806527457726952
Current Difference = 0.0004967420022623514
