Begining Log likelihood =-39.839849991279344
iter = 1
normlog=61.605602535435146
nu=17.800000000000004
iglog =2.825845483721661
nu=19.520175069445337
iglog =2.957968610176037
nu=16.2487160665058
iglog =2.711981541746025
nu=14.84974111037345
iglog =2.6146071513490443
nu=12.450370038203891
iglog =2.4631124432553833
nu=10.499022120159713
iglog =2.360433028144164
nu=7.621387729022098
iglog =2.267877330913941
nu=5.718074803575919
iglog =2.28495298508585
nu=5.718074803575919
iglog =2.28495298508585
nu=6.571732721453423
iglog =2.265144299267749
nu=5.718074803575919
iglog =2.28495298508585
nu=7.06946567408707
iglog =2.2634312625021114
nu=7.621387729022098
iglog =2.267877330913941
nu=6.8141709673119
iglog =2.2635529848868488
nu=7.338298617819333
iglog =2.2648483052925044
nu=6.940169477657039
iglog =2.2633041938487968
nu=6.8141709673119
iglog =2.2635529848868488
nu=7.004400023095178
iglog =2.263320203537616
nu=6.876763319347876
iglog =2.263382145230268
nu=6.972181035328559
iglog =2.263300385909977
nu=7.004400023095178
iglog =2.263320203537616
nu=6.956149411399471
iglog =2.2632993451774497
nu=6.940169477657039
iglog =2.2633041938487968
nu=6.964158751653219
iglog =2.263299128308859
nu=6.972181035328559
iglog =2.263300385909977
nu=6.960152464904646
iglog =2.2632990525670094
nu=6.956149411399472
iglog =2.2632993451774506
nu=6.96215520396034
iglog =2.2632990443773355
nu=6.964158751653219
iglog =2.263299128308859
nu=6.961153733373246
iglog =2.2632990369590944
nu=6.960152464904646
iglog =2.2632990525670094
nu=6.961654443399432
iglog =2.2632990377896864
nu=6.960653073876684
iglog =2.263299041885041
nu=6.9614040820698175
iglog =2.2632990366547907
nu=6.961654443399432
iglog =2.2632990377896864
nu=6.961278906142441
iglog =2.263299036627046
nu=6.961153733373246
iglog =2.2632990369590944
nu=6.961341493711352
iglog =2.263299036595944
nu=6.9614040820698175
iglog =2.2632990366547907
nu=6.961310199828203
iglog =2.2632990366002512
nu=6.96137278779189
iglog =2.263299036614124
nu=6.961325846745104
iglog =2.2632990365952876
nu=6.961310199828203
iglog =2.2632990366002512
nu=6.96133367022206
iglog =2.263299036594913
nu=6.961341493711353
iglog =2.263299036595944
nu=6.96132975848204
iglog =2.263299036594924
Current Loglikelihood=-38.89452812353025
Current value of lamb=-3.48066683511103
Current Difference = 0.9453218677490938
iter = 2
normlog=61.787537785586146
nu=6.96133367022206
iglog =1.9980492885631815
nu=7.191906445028228
iglog =1.9986500376971958
nu=6.741000641652599
iglog =1.998615511043048
nu=6.849916093498466
iglog =1.9981894618893234
nu=7.075310853372577
iglog =1.998200821154284
nu=6.905308554252809
iglog =1.998083279797357
nu=7.017998667166107
iglog =1.9980882214968123
nu=6.933241580648849
iglog =1.9980572147067062
nu=6.9895857287494945
iglog =1.9980595933171412
nu=6.9472676860477875
iglog =1.9980509785331628
nu=6.975439646554297
iglog =1.9980521563085418
nu=6.954295686209137
iglog =1.9980495645540857
nu=6.968381652269437
iglog =1.9980501520005476
nu=6.957813429348193
iglog =1.9980492842201587
nu=6.954295686209137
iglog =1.9980495645540857
nu=6.959573237457462
iglog =1.9980492507957994
nu=6.96133367022206
iglog =1.9980492885631815
nu=6.958693255334766
iglog =1.9980492586104182
nu=6.960453375743989
iglog =1.9980492607791152
nu=6.959133226877367
iglog =1.9980492524785423
nu=6.960013287078515
iglog =1.9980492535625398
nu=6.959353227287511
iglog =1.9980492510810082
nu=6.959793257387652
iglog =1.9980492516229629
nu=6.959463231152483
iglog =1.9980492507993608
nu=6.9596832462025
iglog =1.9980492510703318
nu=6.959518233999969
iglog =1.998049250762818
nu=6.959463231152484
iglog =1.9980492507993597
nu=6.959545735652464
iglog =1.9980492507706185
nu=6.959490732499976
iglog =1.9980492507723993
nu=6.959531984807153
iglog =1.9980492507645458
nu=6.959504483230909
iglog =1.9980492507654366
nu=6.959525109398796
iglog =1.9980492507631396
nu=6.959511358610674
iglog =1.9980492507635839
nu=6.959521671698191
iglog =1.9980492507628431
Current Loglikelihood=-38.74473975672825
Current value of lamb=-3.4797591169999844
Current Difference = 0.14978836680199947
iter = 3
normlog=61.73512108973379
nu=6.959518233999969
iglog =1.968509300203976
nu=7.189911666227852
iglog =1.9691346292538057
nu=6.739352554579355
iglog =1.9690511607114702
nu=6.848185785609978
iglog =1.9686372649211041
nu=7.073407291111783
iglog =1.9686730959127847
nu=6.90353605121367
iglog =1.9685371802718927
nu=7.016139548375551
iglog =1.968554357932466
nu=6.931447703978052
iglog =1.9685141690547323
nu=6.987748545632279
iglog =1.9685226656579438
nu=6.945463052930072
iglog =1.968509461100907
nu=6.973613360392032
iglog =1.968513697874201
nu=6.952485657382548
iglog =1.9685088115517828
nu=6.945463052930072
iglog =1.968509461100907
nu=6.956000698286076
iglog =1.968508913512773
nu=6.948973109519943
iglog =1.9685089941410874
nu=6.954242866093635
iglog =1.9685088269522497
nu=6.950729071931671
iglog =1.9685088672888875
nu=6.9533641838167455
iglog =1.9685088103584152
nu=6.954242866093636
iglog =1.9685088269522506
nu=6.952924901121038
iglog =1.9685088087318736
nu=6.952485657382547
iglog =1.9685088115517828
nu=6.953144537599024
iglog =1.9685088089893163
nu=6.952705274382356
iglog =1.9685088095860441
nu=6.95303471814259
iglog =1.9685088087216407
nu=6.953144537599024
iglog =1.9685088089893163
nu=6.9529798093274575
iglog =1.9685088086920193
nu=6.952924901121037
iglog =1.9685088087318745
nu=6.953007263658934
iglog =1.9685088086981462
nu=6.952952355148159
iglog =1.968508808703263
nu=6.952993536474173
iglog =1.9685088086929112
nu=6.9529660822187855
iglog =1.9685088086954696
nu=6.952986672896059
iglog =1.968508808691923
nu=6.952993536474173
iglog =1.9685088086929112
nu=6.952983241110569
iglog =1.968508808691835
Current Loglikelihood=-38.741461729499285
Current value of lamb=-3.4764916205552847
Current Difference = 0.003278027228965641
iter = 4
normlog=61.73392535992094
nu=6.952983241110569
iglog =1.9665588682723592
nu=7.182731399447145
iglog =1.9671622192845741
nu=6.733419715584538
iglog =1.9671185874689998
nu=6.8419570965088665
iglog =1.9666962620594295
nu=7.066555216775915
iglog =1.9667122053138955
nu=6.897155536960697
iglog =1.9665915896685655
nu=7.009447382581479
iglog =1.9665988272882127
nu=6.924990284627794
iglog =1.9665661897215507
nu=6.98113530564582
iglog =1.9665697167827412
nu=6.9389669306843755
iglog =1.9665602634817803
nu=6.967039328470021
iglog =1.9665620155438674
nu=6.945970120823519
iglog =1.966558998783454
nu=6.960006305625943
iglog =1.9665598733809357
nu=6.949475438818998
iglog =1.966558791665027
nu=6.945970120823518
iglog =1.966558998783452
nu=6.9512290293177585
iglog =1.9665587944917808
nu=6.94772246939424
iglog =1.9665588597697108
nu=6.950352156420377
iglog =1.966558784210575
nu=6.9512290293177585
iglog =1.9665587944917808
nu=6.949913778209406
iglog =1.9665587857210192
nu=6.950790573455348
iglog =1.9665587871340464
nu=6.9501329624621055
iglog =1.9665587844115793
nu=6.9505713600846475
iglog =1.9665587851180506
nu=6.950242558228018
iglog =1.966558784172521
nu=6.9501329624621055
iglog =1.9665587844115793
nu=6.950297357020888
iglog =1.9665587841569079
nu=6.950352156420377
iglog =1.966558784210575
nu=6.950269957548627
iglog =1.9665587841560546
nu=6.950242558228018
iglog =1.966558784172521
nu=6.950283657265801
iglog =1.9665587841543166
nu=6.950297357020888
iglog =1.9665587841569079
nu=6.950276807402474
iglog =1.9665587841546441
nu=6.950290507138605
iglog =1.966558784155071
nu=6.950280232332953
iglog =1.966558784154346
Current Loglikelihood=-38.742237340933556
Current value of lamb=-3.4751418286329003
Current Difference = -0.000775611434271184
