Begining Log likelihood =-39.839849991279344
iter = 1
normlog=40.69817353117234
nu=17.800000000000004
iglog =2.825845483721661
nu=19.520175069445337
iglog =2.957968610176037
nu=16.2487160665058
iglog =2.711981541746025
nu=14.84974111037345
iglog =2.6146071513490443
nu=12.450370038203891
iglog =2.4631124432553833
nu=10.499022120159713
iglog =2.360433028144164
nu=7.621387729022098
iglog =2.267877330913941
nu=5.718074803575919
iglog =2.28495298508585
nu=5.718074803575919
iglog =2.28495298508585
nu=6.571732721453423
iglog =2.265144299267749
nu=5.718074803575919
iglog =2.28495298508585
nu=7.06946567408707
iglog =2.2634312625021114
nu=7.621387729022098
iglog =2.267877330913941
nu=6.8141709673119
iglog =2.2635529848868488
nu=7.338298617819333
iglog =2.2648483052925044
nu=6.940169477657039
iglog =2.2633041938487968
nu=6.8141709673119
iglog =2.2635529848868488
nu=7.004400023095178
iglog =2.263320203537616
nu=6.876763319347876
iglog =2.263382145230268
nu=6.972181035328559
iglog =2.263300385909977
nu=7.004400023095178
iglog =2.263320203537616
nu=6.956149411399471
iglog =2.2632993451774497
nu=6.940169477657039
iglog =2.2633041938487968
nu=6.964158751653219
iglog =2.263299128308859
nu=6.972181035328559
iglog =2.263300385909977
nu=6.960152464904646
iglog =2.2632990525670094
nu=6.956149411399472
iglog =2.2632993451774506
nu=6.96215520396034
iglog =2.2632990443773355
nu=6.964158751653219
iglog =2.263299128308859
nu=6.961153733373246
iglog =2.2632990369590944
nu=6.960152464904646
iglog =2.2632990525670094
nu=6.961654443399432
iglog =2.2632990377896864
nu=6.960653073876684
iglog =2.263299041885041
nu=6.9614040820698175
iglog =2.2632990366547907
nu=6.961654443399432
iglog =2.2632990377896864
nu=6.961278906142441
iglog =2.263299036627046
nu=6.961153733373246
iglog =2.2632990369590944
nu=6.961341493711352
iglog =2.263299036595944
nu=6.9614040820698175
iglog =2.2632990366547907
nu=6.961310199828203
iglog =2.2632990366002512
nu=6.96137278779189
iglog =2.263299036614124
nu=6.961325846745104
iglog =2.2632990365952876
nu=6.961310199828203
iglog =2.2632990366002512
nu=6.96133367022206
iglog =2.263299036594913
nu=6.961341493711353
iglog =2.263299036595944
nu=6.96132975848204
iglog =2.263299036594924
Current Loglikelihood=-38.900130956195355
Current value of lamb=-3.48066683511103
Current Difference = 0.9397190350839892
iter = 2
normlog=40.6721997860068
nu=6.96133367022206
iglog =2.0103150298589525
nu=7.191906445028228
iglog =2.0098640711604774
nu=7.433194847529608
iglog =2.010579642529259
nu=7.075310853372576
iglog =2.0099466801857866
nu=7.31118059813288
iglog =2.0100730576117956
nu=7.133277620599415
iglog =2.009869295600577
nu=7.251204888228508
iglog =2.00993174327466
nu=7.162508805078135
iglog =2.0098576175526675
nu=7.133277620599415
iglog =2.009869295600577
nu=7.177186759003402
iglog =2.0098585721419986
nu=7.147872464936851
iglog =2.0098611958682726
nu=7.16984257293092
iglog =2.0098575275147965
nu=7.177186759003402
iglog =2.0098585721419986
nu=7.166174387651241
iglog =2.009857430790615
nu=7.162508805078135
iglog =2.0098576175526675
nu=7.168008154837288
iglog =2.009857443705681
nu=7.164341271141816
iglog =2.0098574887471057
nu=7.167091189895253
iglog =2.009857428387796
nu=7.168008154837288
iglog =2.009857443705681
nu=7.166632768437799
iglog =2.009857427374294
nu=7.166174387651241
iglog =2.009857430790615
nu=7.166861974082438
iglog =2.009857427327294
nu=7.1670911898952525
iglog =2.0098574283877966
nu=7.166747369989125
iglog =2.0098574272123595
nu=7.1666327684377995
iglog =2.009857427374293
nu=7.16680467171803
iglog =2.009857427235219
nu=7.166690068895717
iglog =2.009857427258718
nu=7.166776020774139
iglog =2.009857427215137
nu=7.166718719362985
iglog =2.0098574272268865
nu=7.166761695361773
iglog =2.009857427211585
nu=7.166776020774139
iglog =2.009857427215137
nu=7.166754532670485
iglog =2.009857427211432
nu=7.1667473699891255
iglog =2.0098574272123604
nu=7.166758114014888
iglog =2.0098574272113736
Current Loglikelihood=-38.7813306975608
Current value of lamb=-3.583379057007444
Current Difference = 0.11880025863455757
iter = 3
normlog=40.67020313163897
nu=7.166758114014888
iglog =1.99896402804086
nu=7.417856986331407
iglog =1.9995456111987995
nu=6.927296803161821
iglog =1.9996471523340396
nu=7.290818135666736
iglog =1.9990933560698836
nu=7.0456070732763125
iglog =1.9991508330635672
nu=7.2284201755629045
iglog =1.998988754949423
nu=7.105823272106203
iglog =1.999018331657215
nu=7.197497702314911
iglog =1.9989664602072226
nu=7.136200329025414
iglog =1.9989813533346024
nu=7.1821051152991195
iglog =1.9989627678878825
nu=7.197497702314911
iglog =1.9989664602072226
nu=7.174425924887686
iglog =1.9989627797262097
nu=7.189795702137178
iglog =1.998963994166965
nu=7.178264096596161
iglog =1.9989626191450012
nu=7.174425924887686
iglog =1.9989627797262097
nu=7.180184249941381
iglog =1.9989626548381083
nu=7.176344654999538
iglog =1.9989626607829138
nu=7.179224084283703
iglog =1.9989626273235748
nu=7.177304286845766
iglog =1.9989626302991814
nu=7.178744068195727
iglog =1.9989626208174922
nu=7.177784169480882
iglog =1.9989626223056967
nu=7.178504076835151
iglog =1.9989626193770729
nu=7.178024127478244
iglog =1.9989626201212247
nu=7.17838408532549
iglog =1.9989626191099967
nu=7.178504076835151
iglog =1.9989626193770729
nu=7.1783240906132875
iglog =1.998962619089739
nu=7.178264096596161
iglog =1.9989626191450012
nu=7.178354087882504
iglog =1.9989626190904286
nu=7.178294093517841
iglog =1.9989626191079317
nu=7.178339089226174
iglog =1.9989626190877237
nu=7.178354087882504
iglog =1.9989626190904286
nu=7.178331589914301
iglog =1.998962619088141
nu=7.178346588548909
iglog =1.9989626190884864
nu=7.17833533956888
iglog =1.998962619087785
Current Loglikelihood=-38.79375424433799
Current value of lamb=-3.589169544613087
Current Difference = -0.012423546777192485
iter = 4
normlog=40.67569641868281
nu=7.178339089226174
iglog =2.0012556795307552
nu=7.43060868836204
iglog =2.001896036625351
nu=6.937788241026011
iglog =2.001888305695515
nu=7.056633451499757
iglog =2.0014162321576454
nu=7.3029740004299875
iglog =2.0014133284075655
nu=7.240286018489516
iglog =2.001294304367419
nu=7.1171244524429795
iglog =2.00129660230075
nu=7.209220472227074
iglog =2.0012649955345365
nu=7.147640777727265
iglog =2.0012662502555636
nu=7.1937568287060465
iglog =2.0012578450765623
nu=7.162967117520672
iglog =2.001258485656279
nu=7.186042229487135
iglog =2.001256140018206
nu=7.170647390902486
iglog =2.0012564619604616
nu=7.182189228051296
iglog =2.0012557543065412
nu=7.174491810884976
iglog =2.0012559154842173
nu=7.180263800945357
iglog =2.001255678064582
nu=7.182189228051296
iglog =2.0012557543065412
nu=7.179301355679036
iglog =2.0012556690857664
nu=7.178339089226174
iglog =2.0012556795307552
nu=7.179782555958438
iglog =2.0012556711469967
nu=7.178820200102999
iglog =2.0012556718804873
nu=7.179541950230557
iglog =2.0012556695093635
nu=7.179060772303356
iglog =2.0012556698761585
nu=7.179421651557784
iglog =2.001255669145812
nu=7.179181062594249
iglog =2.0012556693292165
nu=7.179361503269161
iglog =2.0012556690778522
nu=7.179421651557784
iglog =2.001255669145812
nu=7.179331429386786
iglog =2.001255669072325
nu=7.179301355679035
iglog =2.0012556690857664
nu=7.1793464663061455
iglog =2.001255669072718
nu=7.179316392511082
iglog =2.001255669076675
nu=7.179338947841009
iglog =2.0012556690719276
nu=7.1793464663061455
iglog =2.001255669072718
nu=7.179335188612534
iglog =2.001255669071978
Current Loglikelihood=-38.78776898346351
Current value of lamb=-3.5896694739205044
Current Difference = 0.0059852608744819236
iter = 5
`x0` violates bound constraints.
iter = 6
normlog=40.65104147126337
nu=5.905278069919721
iglog =2.001578804193048
nu=6.038155708266486
iglog =1.9974332226349123
nu=6.175554527040482
iglog =1.9938058110314114
nu=6.317628360044823
iglog =1.990711459591751
nu=6.616442753136435
iglog =1.9861844099041468
nu=6.9359374906377225
iglog =1.9839831084925041
nu=7.64279203299241
iglog =1.9871335011204956
nu=7.27754381767874
iglog =1.9842487790033556
nu=6.616442753136434
iglog =1.9861844099041461
nu=7.103883461459894
iglog =1.9837983298275579
nu=7.27754381767874
iglog =1.9842487790033556
nu=7.019208077502438
iglog =1.9838124977269838
nu=7.189987341813121
iglog =1.983942957951984
nu=7.061368697930492
iglog =1.9837857123638096
nu=7.019208077502438
iglog =1.9838124977269838
nu=7.0825816264688
iglog =1.9837870773376718
nu=7.040244304780347
iglog =1.9837941980542981
nu=7.071964072120959
iglog =1.9837851612184492
nu=7.082581626468799
iglog =1.9837870773376713
nu=7.0666636154042335
iglog =1.983785128670877
nu=7.061368697930492
iglog =1.9837857123638096
nu=7.069313150995188
iglog =1.9837850678786473
nu=7.071964072120959
iglog =1.9837851612184492
nu=7.0679882100531275
iglog =1.9837850790127542
nu=7.070638438320946
iglog =1.9837850952775482
nu=7.068650637231854
iglog =1.9837850686296377
nu=7.069975751354446
iglog =1.983785076760909
nu=7.068981883289737
iglog =1.9837850670500563
nu=7.068650637231853
iglog =1.9837850686296368
nu=7.069147514436429
iglog =1.9837850671633221
nu=7.068816257554937
iglog =1.983785067538833
nu=7.069064698186586
iglog =1.983785067031433
nu=7.069147514436429
iglog =1.9837850671633221
nu=7.069023290569038
iglog =1.98378506702193
nu=7.068981883289736
iglog =1.9837850670500572
nu=7.069043994335531
iglog =1.9837850670219779
nu=7.069002586887107
iglog =1.9837850670312893
nu=7.069033642441714
iglog =1.9837850670207777
nu=7.069043994335531
iglog =1.9837850670219779
nu=7.069028466502734
iglog =1.9837850670210597
nu=7.069038818385979
iglog =1.983785067021084
nu=7.069031054471563
iglog =1.9837850670208461
Current Loglikelihood=-38.75912272316697
Current value of lamb=-3.534516821220857
Current Difference = 0.02864626029654005
iter = 7
normlog=40.6846147259142
nu=7.069033642441714
iglog =2.0007024552302393
nu=7.310310707299363
iglog =2.0008229832590048
nu=6.838719141779471
iglog =2.001778835275103
nu=7.188269810555242
iglog =2.00060998774408
nu=7.3103107072993625
iglog =2.0008229832590043
nu=7.128305199163679
iglog =2.0006184346162823
nu=7.248935580415284
iglog =2.0006779040812708
nu=7.158200368746294
iglog =2.000604715357631
nu=7.128305199163679
iglog =2.0006184346162823
nu=7.173213242266485
iglog =2.000604971422662
nu=7.143231063190689
iglog =2.000609207194006
nu=7.165701351594205
iglog =2.000604249131212
nu=7.173213242266485
iglog =2.000604971422662
nu=7.161949497682678
iglog =2.000604333776192
nu=7.169455932461464
iglog =2.0006044616156617
nu=7.163825083892795
iglog =2.000604254324588
nu=7.167578301034524
iglog =2.0006043182201907
nu=7.164763132541615
iglog =2.0006042424441137
nu=7.163825083892796
iglog =2.000604254324587
nu=7.165232220765504
iglog =2.000604243466527
nu=7.164294086918668
iglog =2.0006042460635918
nu=7.1649976713282
iglog =2.0006042423750605
nu=7.165232220765504
iglog =2.000604243466527
nu=7.1648804006035975
iglog =2.000604242264525
nu=7.164763132541615
iglog =2.0006042424441137
nu=7.164939035633067
iglog =2.000604242283527
nu=7.164821766239783
iglog =2.000604242318054
nu=7.164909718035125
iglog =2.0006042422649597
nu=7.164851083338484
iglog =2.000604242282223
nu=7.164895059298559
iglog =2.0006042422624755
nu=7.164909718035125
iglog =2.0006042422649597
nu=7.164887729945878
iglog =2.0006042422629338
nu=7.164902388661642
iglog =2.00060424226315
nu=7.164891394620919
iglog =2.000604242262563
Current Loglikelihood=-38.78043160695141
Current value of lamb=-3.5824475296492797
Current Difference = -0.0213088837844424
iter = 8
`x0` violates bound constraints.
iter = 9
`x0` violates bound constraints.
iter = 10
normlog=40.69522850590177
nu=9.179419081307028
iglog =2.052956363138385
nu=9.653186036204396
iglog =2.066987758878501
nu=8.734980451435462
iglog =2.0419526116742506
nu=8.318054590143795
iglog =2.033800655284885
nu=7.5600339459178025
iglog =2.0254059303331307
nu=6.892958273577486
iglog =2.026584901758725
nu=6.892958273577486
iglog =2.026584901758725
nu=7.215842606621694
iglog =2.0248666514468474
nu=6.892958273577484
iglog =2.0265849017587256
nu=7.385189128469029
iglog =2.024845976336869
nu=7.5600339459178025
iglog =2.0254059303331307
nu=7.299839516531109
iglog =2.0247847730395803
nu=7.215842606621694
iglog =2.0248666514468474
nu=7.342343881392687
iglog =2.0247973611727335
nu=7.2576733217822005
iglog =2.0248079547702322
nu=7.321049258699186
iglog =2.024786579853151
nu=7.2787143165540495
iglog =2.024791908656816
nu=7.310433798727041
iglog =2.0247845566411162
nu=7.321049258699186
iglog =2.024786579853151
nu=7.305134013049622
iglog =2.024784385139553
nu=7.299839516531109
iglog =2.0247847730395803
nu=7.307783244413352
iglog =2.0247844009338434
nu=7.302486103975535
iglog =2.0247845091956544
nu=7.30645846340402
iglog =2.0247843755514894
nu=7.307783244413353
iglog =2.0247844009338434
nu=7.305796196900113
iglog =2.0247843759747077
nu=7.307120812571661
iglog =2.024784383870874
nu=7.306127319819745
iglog =2.024784374670334
nu=7.305796196900113
iglog =2.0247843759747077
nu=7.306292889028721
iglog =2.024784374837713
nu=7.305961755776929
iglog =2.0247843750493377
nu=7.306210103778453
iglog =2.024784374685724
nu=7.306044537152577
iglog =2.0247843747915395
nu=7.306168711637655
iglog =2.0247843746609546
nu=7.306210103778453
iglog =2.024784374685724
nu=7.306148015688339
iglog =2.024784374661376
nu=7.306189407667692
iglog =2.024784374669071
nu=7.306158363652906
iglog =2.024784374660098
nu=7.306148015688338
iglog =2.0247843746613756
nu=7.3061635376427585
iglog =2.024784374660259
Current Loglikelihood=-38.810718932133284
Current value of lamb=-3.653079181826453
Current Difference = -0.030287325181873825
iter = 11
normlog=40.652331598702354
nu=7.306158363652906
iglog =2.000715864163677
nu=7.571443337879297
iglog =2.0019565215238897
nu=7.053504966790288
iglog =2.000837945397366
nu=7.178290996583312
iglog =2.0006102701307795
nu=7.053504966790289
iglog =2.000837945397366
nu=7.241834800997555
iglog =2.0006209527772114
nu=7.1155174978411715
iglog =2.0006829017584447
nu=7.2099660224979125
iglog =2.000605140303276
nu=7.241834800997555
iglog =2.0006209527772114
nu=7.194104364258184
iglog =2.000605094567499
nu=7.178290996583312
iglog =2.0006102701307795
nu=7.202029147851179
iglog =2.000604463882607
nu=7.2099660224979125
iglog =2.000605140303276
nu=7.198065245824844
iglog =2.000604615948273
nu=7.2059960726405095
iglog =2.0006046385932836
nu=7.200046819136635
iglog =2.000604499082327
nu=7.204012232256443
iglog =2.000604510376971
nu=7.201037889050568
iglog =2.0006044712724482
nu=7.203020595574468
iglog =2.0006044769162874
nu=7.201533494837788
iglog =2.000604465024805
nu=7.202524848095239
iglog =2.0006044678462893
nu=7.201781315440931
iglog =2.000604463815499
nu=7.201533494837788
iglog =2.000604465024805
nu=7.201905230170132
iglog =2.0006044636894975
nu=7.202029147851179
iglog =2.000604463882607
nu=7.201843272436554
iglog =2.0006044637126097
nu=7.20196718864167
iglog =2.0006044637461637
nu=7.201874251211098
iglog =2.0006044636910825
nu=7.201936209313655
iglog =2.000604463707858
nu=7.2018897406675535
iglog =2.0006044636877953
nu=7.201874251211098
iglog =2.0006044636910825
nu=7.2018974854130775
iglog =2.000604463688024
nu=7.201881995933561
iglog =2.0006044636888163
nu=7.201893613038875
iglog =2.0006044636877545
Current Loglikelihood=-38.77321434153346
Current value of lamb=-3.6009468065194374
Current Difference = 0.03750459059982347
iter = 12
normlog=40.674077691641145
nu=7.201893613038875
iglog =2.0008071936068994
nu=7.456548747692703
iglog =2.0015457811400603
nu=6.9591231403947065
iglog =2.0013574609682157
nu=7.079058081011922
iglog =2.000924643664737
nu=7.327699886429221
iglog =2.0010119119700867
nu=7.140108928015962
iglog =2.000826076855794
nu=7.264420956895838
iglog =2.000868849632033
nu=7.170908991944292
iglog =2.000806621568145
nu=7.140108928015962
iglog =2.000826076855794
nu=7.1863781638827975
iglog =2.0008043974810654
nu=7.201893613038875
iglog =2.0008071936068994
nu=7.178637801897819
iglog =2.0008048828360425
nu=7.1941300951657166
iglog =2.000805167178628
nu=7.182506537807826
iglog =2.0008044833817644
nu=7.190252682281851
iglog =2.0008046253434593
nu=7.184441989439785
iglog =2.0008044012241273
nu=7.188315061406805
iglog =2.0008044721787748
nu=7.18540998629304
iglog =2.0008043895491383
nu=7.184441989439784
iglog =2.0008044012241273
nu=7.1858940524937465
iglog =2.0008043910640323
nu=7.1849259652764585
iglog =2.000804392935973
nu=7.185652013745114
