Begining Log likelihood =-39.839849991279344
iter = 1
normlog=61.605602535435146
nu=17.800000000000004
iglog =2.825845483721661
nu=19.520175069445337
iglog =2.957968610176037
nu=16.2487160665058
iglog =2.711981541746025
nu=14.84974111037345
iglog =2.6146071513490443
nu=12.450370038203891
iglog =2.4631124432553833
nu=10.499022120159713
iglog =2.360433028144164
nu=7.621387729022098
iglog =2.267877330913941
nu=5.718074803575919
iglog =2.28495298508585
nu=5.718074803575919
iglog =2.28495298508585
nu=6.571732721453423
iglog =2.265144299267749
nu=5.718074803575919
iglog =2.28495298508585
nu=7.06946567408707
iglog =2.2634312625021114
nu=7.621387729022098
iglog =2.267877330913941
nu=6.8141709673119
iglog =2.2635529848868488
nu=7.338298617819333
iglog =2.2648483052925044
nu=6.940169477657039
iglog =2.2633041938487968
nu=6.8141709673119
iglog =2.2635529848868488
nu=7.004400023095178
iglog =2.263320203537616
nu=6.876763319347876
iglog =2.263382145230268
nu=6.972181035328559
iglog =2.263300385909977
nu=7.004400023095178
iglog =2.263320203537616
nu=6.956149411399471
iglog =2.2632993451774497
nu=6.940169477657039
iglog =2.2633041938487968
nu=6.964158751653219
iglog =2.263299128308859
nu=6.972181035328559
iglog =2.263300385909977
nu=6.960152464904646
iglog =2.2632990525670094
nu=6.956149411399472
iglog =2.2632993451774506
nu=6.96215520396034
iglog =2.2632990443773355
nu=6.964158751653219
iglog =2.263299128308859
nu=6.961153733373246
iglog =2.2632990369590944
nu=6.960152464904646
iglog =2.2632990525670094
nu=6.961654443399432
iglog =2.2632990377896864
nu=6.960653073876684
iglog =2.263299041885041
nu=6.9614040820698175
iglog =2.2632990366547907
nu=6.961654443399432
iglog =2.2632990377896864
nu=6.961278906142441
iglog =2.263299036627046
nu=6.961153733373246
iglog =2.2632990369590944
nu=6.961341493711352
iglog =2.263299036595944
nu=6.9614040820698175
iglog =2.2632990366547907
nu=6.961310199828203
iglog =2.2632990366002512
nu=6.96137278779189
iglog =2.263299036614124
nu=6.961325846745104
iglog =2.2632990365952876
nu=6.961310199828203
iglog =2.2632990366002512
nu=6.96133367022206
iglog =2.263299036594913
nu=6.961341493711353
iglog =2.263299036595944
nu=6.96132975848204
iglog =2.263299036594924
Current Loglikelihood=-41.34649780104285
Current value of lamb=-3.48066683511103
Current Difference = -1.506647809763507
iter = 2
normlog=61.23269946628682
nu=6.96133367022206
iglog =1.99240779944185
nu=7.191906445028228
iglog =1.9934588935835307
nu=6.741000641652599
iglog =1.992543676754018
nu=6.849916093498466
iglog =1.9923303566618147
nu=6.741000641652597
iglog =1.9925436767540172
nu=6.905308554252809
iglog =1.9923323647852105
nu=6.795149143794955
iglog =1.9924010369548681
nu=6.877533690385581
iglog =1.9923222287560967
nu=6.905308554252809
iglog =1.9923323647852105
nu=6.86370528934289
iglog =1.9923240154790338
nu=6.891401408094071
iglog =1.9923250080078283
nu=6.870614582255149
iglog =1.9923225520912544
nu=6.884462627677512
iglog =1.992323046914041
nu=6.8740729085471
iglog =1.9923222478271205
nu=6.880996929514128
iglog =1.9923224950583132
nu=6.875802992414083
iglog =1.9923222026312162
nu=6.874072908547101
iglog =1.9923222478271214
nu=6.876668264623146
iglog =1.992322206777151
nu=6.874937873731148
iglog =1.9923222163154777
nu=6.876235609326145
iglog =1.9923222024752325
nu=6.876668264623146
iglog =1.992322206777151
nu=6.87601929607221
iglog =1.9923222019960076
nu=6.8758029924140835
iglog =1.9923222026312157
nu=6.876127451499675
iglog =1.9923222020963127
nu=6.875911143043697
iglog =1.9923222021743106
nu=6.87607337348607
iglog =1.992322202011335
nu=6.875965219258088
iglog =1.992322202050334
nu=6.8760463347041725
iglog =1.9923222019949647
nu=6.87607337348607
iglog =1.992322202011335
nu=6.87603281536945
iglog =1.9923222019933102
nu=6.87601929607221
iglog =1.9923222019960076
nu=6.8760395750321255
iglog =1.9923222019935936
nu=6.876026055716145
iglog =1.9923222019941151
nu=6.876036195199616
iglog =1.9923222019933156
Current Loglikelihood=-41.14996839962754
Current value of lamb=-3.438016407684725
Current Difference = 0.1965294014153116
iter = 3
normlog=50.97441623239963
nu=6.87603281536945
iglog =1.9633709470462002
nu=7.098218574657576
iglog =1.9637803543985475
nu=6.663530146538808
iglog =1.9640791181580803
nu=6.985888192685071
iglog =1.963433169876281
nu=6.768597910286411
iglog =1.963588084779243
nu=6.930654565196743
iglog =1.9633667915465727
nu=6.985888192685071
iglog =1.963433169876281
nu=6.903267630993693
iglog =1.9633600962568403
nu=6.87603281536945
iglog =1.9633709470462002
nu=6.916942030280657
iglog =1.9633612452016496
nu=6.8896312612776915
iglog =1.9633633338234464
nu=6.910100070319093
iglog =1.9633601217355583
nu=6.896444699056426
iglog =1.9633611674054527
nu=6.9066826614053065
iglog =1.9633599718328287
nu=6.910100070319093
iglog =1.9633601217355583
nu=6.90497484899022
iglog =1.963359999764616
nu=6.908391068445918
iglog =1.9633600124827255
nu=6.905828680882509
iglog =1.9633599772273405
nu=6.9075367905844836
iglog =1.9633599835837394
nu=6.906255652563478
iglog =1.9633599723870732
nu=6.90710970741123
iglog =1.9633599755649402
nu=6.906469152339083
iglog =1.9633599715741767
nu=6.906255652563479
iglog =1.9633599723870736
nu=6.906575905710842
iglog =1.963359971569558
nu=6.9066826614053065
iglog =1.9633599718328287
nu=6.9065225287346275
iglog =1.963359971538381
nu=6.906469152339083
iglog =1.9633599715741767
nu=6.90654921715015
iglog =1.963359971545598
nu=6.906495840464272
iglog =1.9633599715479075
nu=6.906535872924243
iglog =1.9633599715398968
nu=6.906509184581304
iglog =1.9633599715410515
nu=6.906529200824899
iglog =1.9633599715386154
nu=6.906515856653429
iglog =1.9633599715391923
nu=6.9065258647786285
iglog =1.963359971538368
Current Loglikelihood=-40.17816888694173
Current value of lamb=-3.4532629323893143
Current Difference = 0.9717995126858128
iter = 4
normlog=61.21594470032418
nu=6.9065258647786285
iglog =1.9364809154680305
nu=7.13170044780447
iglog =1.9365076900138205
nu=6.691231747956256
iglog =1.9375695542029052
nu=7.017850234657139
iglog =1.9363520821008051
nu=7.131700447804471
iglog =1.9365076900138218
nu=6.961875851120296
iglog =1.9363812982912902
nu=7.074456059146223
iglog =1.9363939740301965
nu=6.989784554856409
iglog =1.9363578460820865
nu=7.046073773454389
iglog =1.9363640950119847
nu=7.003797717681522
iglog =1.9363527475342792
nu=7.031942216304291
iglog =1.9363558608818539
nu=7.010819050000217
iglog =1.9363518599852945
nu=7.003797717681522
iglog =1.9363527475342792
nu=7.014333409922804
iglog =1.9363518322482507
nu=7.017850234657139
iglog =1.9363520821008051
nu=7.012575921968039
iglog =1.9363518114289202
nu=7.010819050000217
iglog =1.9363518599852945
nu=7.013454588933557
iglog =1.9363518131652668
nu=7.011697408999256
iglog =1.9363518270364992
nu=7.013015236199519
iglog =1.9363518101289325
nu=7.013454588933556
iglog =1.9363518131652657
nu=7.01279557427117
iglog =1.9363518102369073
nu=7.013234907753508
iglog =1.936351811105037
nu=7.012905404032166
iglog =1.9363518100474122
nu=7.01279557427117
iglog =1.9363518102369073
nu=7.012960319815044
iglog =1.936351810054296
nu=7.0128504888508765
iglog =1.936351810108284
nu=7.012932861848406
iglog =1.9363518100423853
nu=7.012960319815044
iglog =1.936351810054296
nu=7.012919132921486
iglog =1.936351810042781
nu=7.012946590812925
iglog =1.9363518100462238
nu=7.012925997380246
iglog =1.9363518100420545
nu=7.0129191329214855
iglog =1.9363518100427821
nu=7.012929429613151
iglog =1.9363518100420871
Current Loglikelihood=-41.07826511492229
Current value of lamb=-3.506462998690123
