Begining Log likelihood =-83.63194803958666
iter = 1
normlog=48.801947359371454
nu=17.800000000000004
iglog =0.649735936848903
nu=19.520175069445337
iglog =0.7446728178557593
nu=16.2487160665058
iglog =0.5694072007568806
nu=14.84974111037345
iglog =0.5022754449717604
nu=12.450370038203891
iglog =0.4026496444062968
nu=10.499022120159713
iglog =0.34215390229604203
nu=7.621387729022098
iglog =0.3118060702289673
nu=5.718074803575919
iglog =0.37002699087186114
nu=5.718074803575919
iglog =0.37002699087186114
nu=8.91204012249301
iglog =0.3137586518074325
nu=6.571732721453423
iglog =0.33176417592105245
nu=8.233398553525245
iglog =0.3097841215456064
nu=8.91204012249301
iglog =0.3137586518074325
nu=7.9194890099476405
iglog =0.31008027724854176
nu=8.563954669363309
iglog =0.31098609492704515
nu=8.074416369678342
iglog =0.30974930461782796
nu=7.919489009947641
iglog =0.3100802772485425
nu=8.153394040061391
iglog =0.3097204525680631
nu=8.233398553525245
iglog =0.3097841215456064
nu=8.113777677183727
iglog =0.30972338115890014
nu=8.19326711103191
iglog =0.3097406539952218
nu=8.13355387365618
iglog =0.30971903408042295
nu=8.113777677183727
iglog =0.30972338115890014
nu=8.143465947700157
iglog =0.30971902157215975
nu=8.153394040061391
iglog =0.3097204525680631
nu=8.138507910004769
iglog =0.3097188475204564
nu=8.133553873656178
iglog =0.30971903408042406
nu=8.140986428482183
iglog =0.30971888945333453
nu=8.136030391864015
iglog =0.3097188957404906
nu=8.139747044176154
iglog =0.3097188572157169
nu=8.137269025917547
iglog =0.3097188603634231
nu=8.139127445826787
iglog =0.3097188495505501
nu=8.137888436703792
iglog =0.3097188511249188
nu=8.138817670100254
iglog =0.3097188478311508
nu=8.138198165539546
iglog =0.30971884861839954
nu=8.13866278809868
iglog =0.3097188474997192
nu=8.138817670100254
iglog =0.3097188478311508
nu=8.138585348563272
iglog =0.3097188474660675
nu=8.138507910004769
iglog =0.3097188475204564
nu=8.138624068208863
iglog =0.3097188474718871
nu=8.138546629161908
iglog =0.30971884748225686
nu=8.138604708355539
iglog =0.30971884746622513
nu=8.138565988832061
iglog =0.30971884747141076
nu=8.138595028451773
iglog =0.30971884746545847
nu=8.138604708355539
iglog =0.30971884746622513
nu=8.138590188505614
iglog =0.30971884746559153
Current Loglikelihood=-55.488876469628245
Current value of lamb=-4.0692975142258865
Current Difference = 28.143071569958416
iter = 2
normlog=50.70965772533569
nu=8.138595028451773
iglog =0.6886423932019288
nu=8.492634164529377
iglog =0.6994748145134967
nu=7.803861417173235
iglog =0.6800922722530817
nu=7.487380612929571
iglog =0.6737090046071355
nu=6.905250444375667
iglog =0.6670146431445071
nu=6.384875702872352
iglog =0.6677645472512848
nu=6.384875702872352
iglog =0.6677645472512848
nu=6.63777031449884
iglog =0.6665050210059846
nu=6.384875702872352
iglog =0.6677645472512848
nu=6.769635719434736
iglog =0.6665331647115763
nu=6.509550572678904
iglog =0.6669190792404237
nu=6.703240898632318
iglog =0.6664631299071965
nu=6.769635719434736
iglog =0.6665331647115763
nu=6.6703908853129
iglog =0.6664701715171896
nu=6.736321968281192
iglog =0.6664840694359248
nu=6.686787111060543
iglog =0.6664631639300928
nu=6.719752450109097
iglog =0.6664700911479133
nu=6.695006797004958
iglog =0.666462273868878
nu=6.686787111060543
iglog =0.6664631639300928
nu=6.69912204427917
iglog =0.6664624834560278
nu=6.690895153650792
iglog =0.6664625008065288
nu=6.697063969954692
iglog =0.6664623240756593
nu=6.692950525035192
iglog =0.6664623327932918
nu=6.69603527083266
iglog =0.66646228532822
nu=6.693978548422246
iglog =0.6664622896923339
nu=6.695521005760101
iglog =0.6664622761878678
nu=6.694492644561062
iglog =0.6664622783705867
nu=6.695263894343238
iglog =0.6664622741757442
nu=6.69474971374449
iglog =0.6664622752671869
nu=6.695135343914324
iglog =0.6664622738091583
nu=6.695263894343239
iglog =0.6664622741757442
nu=6.695071070019703
iglog =0.6664622737857306
nu=6.695006797004957
iglog =0.6664622738688778
nu=6.695103206857028
iglog =0.6664622737841235
nu=6.695135343914324
iglog =0.6664622738091583
nu=6.695087138410869
iglog =0.6664622737815965
nu=6.695071070019703
iglog =0.6664622737857306
nu=6.695095172627075
iglog =0.6664622737820272
nu=6.695079104208412
iglog =0.6664622737828311
nu=6.695091155517254
iglog =0.6664622737816033
Current Loglikelihood=-50.94292361968153
Current value of lamb=-3.3475435692054347
Current Difference = 4.5459528499467154
iter = 3
normlog=50.59544530862039
nu=6.695087138410869
iglog =0.7699543534979627
nu=6.899754720916701
iglog =0.775145781956452
nu=6.498968722488819
iglog =0.7659933893964961
nu=6.311042366038702
iglog =0.7632164879941987
nu=5.958411363600591
iglog =0.7610397601317281
nu=5.634624574074907
iglog =0.7630937642898585
nu=5.634624574074907
iglog =0.7630937642898585
nu=5.793064620651759
iglog =0.7615573722980447
nu=6.130965878664599
iglog =0.7615793633182913
nu=5.87485613891139
iglog =0.7611688594595757
nu=6.043768326295691
iglog =0.7611749354196514
nu=5.916410929995008
iglog =0.7610715819992213
nu=6.000862218894448
iglog =0.761074005091866
nu=5.937355143979496
iglog =0.7610474510845314
nu=5.9795801878429415
iglog =0.76104858577169
nu=5.947869215723804
iglog =0.7610415458341375
nu=5.968981662582642
iglog =0.7610421035703763
nu=5.953136775464524
iglog =0.7610401374405356
nu=5.9636929895098465
iglog =0.7610404151077397
nu=5.955773190397318
iglog =0.761039819825573
nu=5.961051296246968
iglog =0.7610399585090603
nu=5.957092057141875
iglog =0.7610397577291349
nu=5.955773190397317
iglog =0.7610398198255727
nu=5.957751655397802
iglog =0.7610397508668799
nu=5.958411363600592
iglog =0.7610397601317281
nu=5.957421842527625
iglog =0.7610397522822666
nu=5.958081495754694
iglog =0.7610397534832697
nu=5.957586745527017
iglog =0.7610397510706197
nu=5.957916572140265
iglog =0.761039751671085
nu=5.957669199603467
iglog =0.7610397508427594
nu=5.957586745527017
iglog =0.7610397510706197
nu=5.957710427285896
iglog =0.7610397508233216
nu=5.957751655397802
iglog =0.7610397508668799
nu=5.9576898133909975
iglog =0.7610397508251661
nu=5.957731041288165
iglog =0.7610397508372263
nu=5.957700120325026
iglog =0.7610397508222753
nu=5.957689813390998
iglog =0.7610397508251663
nu=5.957705273802106
iglog =0.7610397508223063
nu=5.957694966854657
iglog =0.7610397508232292
nu=5.957702697062728
iglog =0.7610397508221681
Current Loglikelihood=-48.30184685377439
Current value of lamb=-2.978851348531364
