Begining Log likelihood =-39.839849991279344
iter = 1
normlog=40.69817353117234
nu=17.800000000000004
iglog =2.825845483721661
nu=19.520175069445337
iglog =2.957968610176037
nu=16.2487160665058
iglog =2.711981541746025
nu=14.84974111037345
iglog =2.6146071513490443
nu=12.450370038203891
iglog =2.4631124432553833
nu=10.499022120159713
iglog =2.360433028144164
nu=7.621387729022098
iglog =2.267877330913941
nu=5.718074803575919
iglog =2.28495298508585
nu=5.718074803575919
iglog =2.28495298508585
nu=6.571732721453423
iglog =2.265144299267749
nu=5.718074803575919
iglog =2.28495298508585
nu=7.06946567408707
iglog =2.2634312625021114
nu=7.621387729022098
iglog =2.267877330913941
nu=6.8141709673119
iglog =2.2635529848868488
nu=7.338298617819333
iglog =2.2648483052925044
nu=6.940169477657039
iglog =2.2633041938487968
nu=6.8141709673119
iglog =2.2635529848868488
nu=7.004400023095178
iglog =2.263320203537616
nu=6.876763319347876
iglog =2.263382145230268
nu=6.972181035328559
iglog =2.263300385909977
nu=7.004400023095178
iglog =2.263320203537616
nu=6.956149411399471
iglog =2.2632993451774497
nu=6.940169477657039
iglog =2.2633041938487968
nu=6.964158751653219
iglog =2.263299128308859
nu=6.972181035328559
iglog =2.263300385909977
nu=6.960152464904646
iglog =2.2632990525670094
nu=6.956149411399472
iglog =2.2632993451774506
nu=6.96215520396034
iglog =2.2632990443773355
nu=6.964158751653219
iglog =2.263299128308859
nu=6.961153733373246
iglog =2.2632990369590944
nu=6.960152464904646
iglog =2.2632990525670094
nu=6.961654443399432
iglog =2.2632990377896864
nu=6.960653073876684
iglog =2.263299041885041
nu=6.9614040820698175
iglog =2.2632990366547907
nu=6.961654443399432
iglog =2.2632990377896864
nu=6.961278906142441
iglog =2.263299036627046
nu=6.961153733373246
iglog =2.2632990369590944
nu=6.961341493711352
iglog =2.263299036595944
nu=6.9614040820698175
iglog =2.2632990366547907
nu=6.961310199828203
iglog =2.2632990366002512
nu=6.96137278779189
iglog =2.263299036614124
nu=6.961325846745104
iglog =2.2632990365952876
nu=6.961310199828203
iglog =2.2632990366002512
nu=6.96133367022206
iglog =2.263299036594913
nu=6.961341493711353
iglog =2.263299036595944
nu=6.96132975848204
iglog =2.263299036594924
Current Loglikelihood=-38.900130956195355
Current value of lamb=-3.48066683511103
Current Difference = 0.9397190350839892
iter = 2
normlog=40.6721997860068
nu=6.96133367022206
iglog =2.0103150298589525
nu=7.191906445028228
iglog =2.0098640711604774
nu=7.433194847529608
iglog =2.010579642529259
nu=7.075310853372576
iglog =2.0099466801857866
nu=7.31118059813288
iglog =2.0100730576117956
nu=7.133277620599415
iglog =2.009869295600577
nu=7.251204888228508
iglog =2.00993174327466
nu=7.162508805078135
iglog =2.0098576175526675
nu=7.133277620599415
iglog =2.009869295600577
nu=7.177186759003402
iglog =2.0098585721419986
nu=7.147872464936851
iglog =2.0098611958682726
nu=7.16984257293092
iglog =2.0098575275147965
nu=7.177186759003402
iglog =2.0098585721419986
nu=7.166174387651241
iglog =2.009857430790615
nu=7.162508805078135
iglog =2.0098576175526675
nu=7.168008154837288
iglog =2.009857443705681
nu=7.164341271141816
iglog =2.0098574887471057
nu=7.167091189895253
iglog =2.009857428387796
nu=7.168008154837288
iglog =2.009857443705681
nu=7.166632768437799
iglog =2.009857427374294
nu=7.166174387651241
iglog =2.009857430790615
nu=7.166861974082438
iglog =2.009857427327294
nu=7.1670911898952525
iglog =2.0098574283877966
nu=7.166747369989125
iglog =2.0098574272123595
nu=7.1666327684377995
iglog =2.009857427374293
nu=7.16680467171803
iglog =2.009857427235219
nu=7.166690068895717
iglog =2.009857427258718
nu=7.166776020774139
iglog =2.009857427215137
nu=7.166718719362985
iglog =2.0098574272268865
nu=7.166761695361773
iglog =2.009857427211585
nu=7.166776020774139
iglog =2.009857427215137
nu=7.166754532670485
iglog =2.009857427211432
nu=7.1667473699891255
iglog =2.0098574272123604
nu=7.166758114014888
iglog =2.0098574272113736
Current Loglikelihood=-38.7813306975608
Current value of lamb=-3.583379057007444
Current Difference = 0.11880025863455757
iter = 3
normlog=40.67020313163897
nu=7.166758114014888
iglog =1.99896402804086
nu=7.417856986331407
iglog =1.9995456111987995
nu=6.927296803161821
iglog =1.9996471523340396
nu=7.290818135666736
iglog =1.9990933560698836
nu=7.0456070732763125
iglog =1.9991508330635672
nu=7.2284201755629045
iglog =1.998988754949423
nu=7.105823272106203
iglog =1.999018331657215
nu=7.197497702314911
iglog =1.9989664602072226
nu=7.136200329025414
iglog =1.9989813533346024
nu=7.1821051152991195
iglog =1.9989627678878825
nu=7.197497702314911
iglog =1.9989664602072226
nu=7.174425924887686
iglog =1.9989627797262097
nu=7.189795702137178
iglog =1.998963994166965
nu=7.178264096596161
iglog =1.9989626191450012
nu=7.174425924887686
iglog =1.9989627797262097
nu=7.180184249941381
iglog =1.9989626548381083
nu=7.176344654999538
iglog =1.9989626607829138
nu=7.179224084283703
iglog =1.9989626273235748
nu=7.177304286845766
iglog =1.9989626302991814
nu=7.178744068195727
iglog =1.9989626208174922
nu=7.177784169480882
iglog =1.9989626223056967
nu=7.178504076835151
iglog =1.9989626193770729
nu=7.178024127478244
iglog =1.9989626201212247
nu=7.17838408532549
iglog =1.9989626191099967
nu=7.178504076835151
iglog =1.9989626193770729
nu=7.1783240906132875
iglog =1.998962619089739
nu=7.178264096596161
iglog =1.9989626191450012
nu=7.178354087882504
iglog =1.9989626190904286
nu=7.178294093517841
iglog =1.9989626191079317
nu=7.178339089226174
iglog =1.9989626190877237
nu=7.178354087882504
iglog =1.9989626190904286
nu=7.178331589914301
iglog =1.998962619088141
nu=7.178346588548909
iglog =1.9989626190884864
nu=7.17833533956888
iglog =1.998962619087785
Current Loglikelihood=-38.79375424433799
Current value of lamb=-3.589169544613087
Current Difference = -0.012423546777192485
iter = 4
normlog=40.67569641868281
nu=7.178339089226174
iglog =2.0012556795307552
nu=7.43060868836204
iglog =2.001896036625351
nu=6.937788241026011
iglog =2.001888305695515
nu=7.056633451499757
iglog =2.0014162321576454
nu=7.3029740004299875
iglog =2.0014133284075655
nu=7.240286018489516
iglog =2.001294304367419
nu=7.1171244524429795
iglog =2.00129660230075
nu=7.209220472227074
iglog =2.0012649955345365
nu=7.147640777727265
iglog =2.0012662502555636
nu=7.1937568287060465
iglog =2.0012578450765623
nu=7.162967117520672
iglog =2.001258485656279
nu=7.186042229487135
iglog =2.001256140018206
nu=7.170647390902486
iglog =2.0012564619604616
nu=7.182189228051296
iglog =2.0012557543065412
nu=7.174491810884976
iglog =2.0012559154842173
nu=7.180263800945357
iglog =2.001255678064582
nu=7.182189228051296
iglog =2.0012557543065412
nu=7.179301355679036
iglog =2.0012556690857664
nu=7.178339089226174
iglog =2.0012556795307552
nu=7.179782555958438
iglog =2.0012556711469967
nu=7.178820200102999
iglog =2.0012556718804873
nu=7.179541950230557
iglog =2.0012556695093635
nu=7.179060772303356
iglog =2.0012556698761585
nu=7.179421651557784
iglog =2.001255669145812
nu=7.179181062594249
iglog =2.0012556693292165
nu=7.179361503269161
iglog =2.0012556690778522
nu=7.179421651557784
iglog =2.001255669145812
nu=7.179331429386786
iglog =2.001255669072325
nu=7.179301355679035
iglog =2.0012556690857664
nu=7.1793464663061455
iglog =2.001255669072718
nu=7.179316392511082
iglog =2.001255669076675
nu=7.179338947841009
iglog =2.0012556690719276
nu=7.1793464663061455
iglog =2.001255669072718
nu=7.179335188612534
iglog =2.001255669071978
Current Loglikelihood=-38.78776898346351
Current value of lamb=-3.5896694739205044
Current Difference = 0.0059852608744819236
iter = 5
`x0` violates bound constraints.
iter = 6
normlog=40.64764468547695
nu=5.862979361071684
iglog =2.002360283643183
nu=5.99224336181306
iglog =1.9981272349267964
nu=6.125832827519652
iglog =1.9943912282096767
nu=6.263892498003456
iglog =1.9911662632148777
nu=6.554025791221663
iglog =1.9863081552448725
nu=6.863900981749208
iglog =1.983675942934027
nu=7.5483417490798415
iglog =1.9856290743107305
nu=7.194861391839974
iglog =1.9834020850461107
nu=7.5483417490798415
iglog =1.9856290743107305
nu=7.026658077074818
iglog =1.9832355564373454
nu=6.863900981749208
iglog =1.983675942934027
nu=7.11006770743564
iglog =1.9832418386293489
nu=6.944609909386361
iglog =1.983380992918532
nu=7.06819130617428
iglog =1.9832195933067969
nu=7.11006770743564
iglog =1.9832418386293489
nu=7.047381971412637
iglog =1.9832228163383752
nu=7.08908643361333
iglog =1.9832259223487199
nu=7.0577759367586
iglog =1.9832200130050004
nu=7.078628123736621
iglog =1.9832215616244822
nu=7.062980943205042
iglog =1.98321950492794
nu=7.0577759367586
iglog =1.9832200130050004
nu=7.0655854547799155
iglog =1.9832194745261496
nu=7.068191306174279
iglog =1.9832195933067958
nu=7.064283031558106
iglog =1.9832194710835203
nu=7.062980943205042
iglog =1.98321950492794
nu=7.064934201305036
iglog =1.983219468143418
nu=7.0655854547799155
iglog =1.9832194745261496
nu=7.064608605966249
iglog =1.9832194684481825
nu=7.065259817575809
iglog =1.9832194701693637
nu=7.064771401019228
iglog =1.9832194680044708
nu=7.064608605966249
iglog =1.9832194684481825
nu=7.064852800508017
iglog =1.9832194680011117
nu=7.064934201305036
iglog =1.983219468143418
nu=7.064812100600096
iglog =1.9832194679845832
nu=7.064771401019229
iglog =1.9832194680044708
nu=7.064832450513175
iglog =1.983219467988295
nu=7.06479175076878
iglog =1.9832194679899742
nu=7.064822275546415
iglog =1.9832194679853012
nu=7.064801925674217
iglog =1.98321946798614
nu=7.064817188070701
iglog =1.9832194679846573
nu=7.064807013134602
iglog =1.9832194679850765
nu=7.064814644334759
iglog =1.983219467984549
Current Loglikelihood=-38.76005867784787
Current value of lamb=-3.5324073221673795
Current Difference = 0.027710305615634923
iter = 7
normlog=40.68838648231575
nu=7.064814644334759
iglog =1.9997580760404239
nu=7.305669998161487
iglog =1.9998351223321136
nu=6.834893121953843
iglog =2.000873957470861
nu=7.183843661289938
iglog =1.9996443792514387
nu=7.305669998161487
iglog =1.9998351223321136
nu=7.123983537214302
iglog =1.999663566881386
nu=7.2444030917603595
iglog =1.9997012990612157
nu=7.153826692850892
iglog =1.99964450899153
nu=7.214035454853687
iglog =1.9996632762133015
nu=7.168813387337753
iglog =1.9996420719580221
nu=7.153826692850892
iglog =1.99964450899153
nu=7.176323068969071
iglog =1.999642631793622
nu=7.1613146005670245
iglog =1.999642698203539
nu=7.1725668653070676
iglog =1.999642203519422
nu=7.165062633083227
iglog =1.9996422369168643
nu=7.170689785734477
iglog =1.9996421006616603
nu=7.1669376698697045
iglog =1.9996421173844428
nu=7.1697515014045825
iglog =1.9996420770420813
nu=7.167875443503091
iglog =1.999642085406479
nu=7.169282423090216
iglog =1.9996420721832995
nu=7.168344394143332
iglog =1.9996420763658753
nu=7.169047899893988
iglog =1.9996420714914962
nu=7.169282423090216
iglog =1.9996420721832995
nu=7.168930642285901
iglog =1.999642071579971
nu=7.1691651601620725
iglog =1.9996420716926036
nu=7.168989270757449
iglog =1.9996420714995369
nu=7.169106529695527
iglog =1.9996420715558512
nu=7.169018585242593
iglog =1.9996420714864667
nu=7.168989270757448
iglog =1.9996420714995353
nu=7.16903324254751
iglog =1.9996420714867191
nu=7.16900392797924
iglog =1.9996420714907397
nu=7.169025913889856
iglog =1.9996420714860275
nu=7.169033242547509
iglog =1.9996420714867191
nu=7.169022249564926
iglog =1.9996420714861058
Current Loglikelihood=-38.7816932180989
Current value of lamb=-3.584512956944928
Current Difference = -0.02163454025102851
iter = 8
normlog=40.65811735774661
nu=7.169025913889856
iglog =1.9983282612403592
nu=7.420353926854676
iglog =1.9989205729326731
nu=6.9293513410791725
iglog =1.999002240508208
nu=7.29319845748924
iglog =1.99846274951967
nu=7.047766319938548
iglog =1.9985103017936376
nu=7.230743732407819
iglog =1.9983555180448107
nu=7.108036307136314
iglog =1.998380133900016
nu=7.199793255672091
iglog =1.998331945892879
nu=7.138440623445779
iglog =1.9983443587823668
nu=7.184386760788468
iglog =1.9983276242268713
nu=7.199793255672091
iglog =1.998331945892879
nu=7.176700639803607
iglog =1.998327323721033
nu=7.169025913889855
iglog =1.9983282612403581
nu=7.180542274855307
iglog =1.9983273191181177
nu=7.184386760788468
iglog =1.9983276242268713
nu=7.178621101101441
iglog =1.9983272827184593
nu=7.176700639803606
iglog =1.9983273237210335
nu=7.1795815989048535
iglog =1.9983272912414047
nu=7.177660781412035
iglog =1.9983272935460719
nu=7.179101327736832
iglog =1.998327284560911
nu=7.1781409189945515
iglog =1.9983272857136463
nu=7.178861208852815
iglog =1.9983272830349559
nu=7.178381004482192
iglog =1.9983272836113728
nu=7.17874115358558
iglog =1.9983272827255276
nu=7.178501051400333
iglog =1.9983272830137426
nu=7.178681126995627
iglog =1.9983272826841993
nu=7.17874115358558
iglog =1.9983272827255276
nu=7.178651113961564
iglog =1.9983272826918805
nu=7.178711140203633
iglog =1.998327282695415
nu=7.178666120456853
iglog =1.9983272826856797
nu=7.178696133577887
iglog =1.9983272826874448
nu=7.1786736237208055
iglog =1.998327282684348
nu=7.1786886302813215
iglog =1.9983272826852316
nu=7.178677375356857
iglog =1.9983272826841258
Current Loglikelihood=-38.77343293847151
Current value of lamb=-3.5893386876784286
Current Difference = 0.008260279627393174
iter = 9
normlog=40.6725590187412
nu=7.178677375356857
iglog =1.999514328907898
nu=7.430981193464059
iglog =2.0001187840760752
nu=6.938094683573584
iglog =2.0001813512746933
nu=7.30332908959843
iglog =1.999654219337305
nu=7.056955528298869
iglog =1.9996922635982248
nu=7.2406326307398485
iglog =1.9995441221048644
nu=7.117454560871756
iglog =1.9995639892245427
nu=7.2095629027173995
iglog =1.9995192409203681
nu=7.147974956602191
iglog =1.9995292801009372
nu=7.194097182360087
iglog =1.9995142954067902
nu=7.2095629027173995
iglog =1.9995192409203681
nu=7.186381548217696
iglog =1.9995136906080302
nu=7.178677375356857
iglog =1.999514328907898
nu=7.190237931563627
iglog =1.9995138375167478
nu=7.182528030191757
iglog =1.999513854473928
nu=7.188309381592541
iglog =1.999513725202647
nu=7.184454431172824
iglog =1.9995137337070643
nu=7.187345375347232
iglog =1.999513698192017
nu=7.185417900170651
iglog =1.9995137024474552
nu=7.186863439395073
iglog =1.9995136919718954
nu=7.185899701810942
iglog =1.9995136941000191
nu=7.186622488209796
iglog =1.9995136906829574
nu=7.186140619418251
iglog =1.9995136917470677
nu=7.186502016814631
iglog =1.9995136904937454
nu=7.186622488209796
iglog =1.9995136906829574
nu=7.186441782166389
iglog =1.99951369051295
nu=7.186562252162431
iglog =1.9995136905504125
nu=7.186471899403066
iglog =1.9995136904938644
nu=7.1865321344010855
iglog =1.9995136905125945
nu=7.186486958086987
iglog =1.9995136904914321
nu=7.186471899403065
iglog =1.9995136904938635
nu=7.186494487445344
iglog =1.9995136904919961
nu=7.186479428739561
iglog =1.9995136904920559
nu=7.186490722764799
iglog =1.9995136904915662
Current Loglikelihood=-38.77490851775902
Current value of lamb=-3.5932434790434935
Current Difference = -0.001475579287514961
iter = 10
normlog=40.66644086842476
nu=7.186486958086987
iglog =1.9993091252240227
nu=7.439581084271967
iglog =1.9999791899176573
nu=6.945168855775345
iglog =1.9999173311728429
nu=7.064390760596655
iglog =1.9994568272052402
nu=7.311526743887603
iglog =1.9994809462577465
nu=7.1250752804705995
iglog =1.9993434600404483
nu=7.24863450667917
iglog =1.9993546683711607
nu=7.155689682416385
iglog =1.9993163609978455
nu=7.217468199870206
iglog =1.9993218587667096
nu=7.171065392914329
iglog =1.9993102535906557
nu=7.201954514685842
iglog =1.999312989175619
nu=7.178770435128895
iglog =1.9993090661984358
nu=7.171065392914328
iglog =1.9993102535906564
nu=7.182627260446432
iglog =1.9993089398052504
nu=7.186486958086987
iglog =1.9993091252240227
nu=7.180698488880919
iglog =1.9993089640383244
nu=7.184556750092674
iglog =1.9993089935251631
nu=7.181662784920289
iglog =1.9993089421792858
nu=7.183591915492755
iglog =1.9993089569194618
nu=7.182145000245426
iglog =1.9993089385564418
nu=7.181662784920289
iglog =1.9993089421792858
nu=7.182386124736184
iglog =1.9993089385718636
nu=7.181903886973635
iglog =1.999308939758931
nu=7.182265561088402
iglog =1.9993089384119087
nu=7.182386124736183
iglog =1.9993089385718636
nu=7.182205280316317
iglog =1.999308938446114
nu=7.182325842561687
iglog =1.9993089384538245
nu=7.18223542061471
iglog =1.9993089384194969
nu=7.182295701737393
iglog =1.9993089384233516
nu=7.1822504908296425
iglog =1.9993089384133245
nu=7.182280631390984
iglog =1.999308938415253
nu=7.182258025953544
iglog =1.9993089384120224
nu=7.182273096234215
iglog =1.9993089384129863
nu=7.1822617935196025
iglog =1.999308938411817
Current Loglikelihood=-38.779358144315566
Current value of lamb=-3.5911308967598012
Current Difference = -0.004449626556542796
iter = 11
normlog=40.67436806653409
nu=7.1822617935196025
iglog =1.99972645731657
nu=7.434928264336907
iglog =2.0003638785878155
nu=6.94134163146118
iglog =2.0003637630008915
nu=7.060368163034098
iglog =1.999889139178741
nu=7.307091585302911
iglog =1.9998824127496413
nu=7.244305288331778
iglog =1.9997641800154837
nu=7.120952313040474
iglog =1.9997683911639186
nu=7.213191242346149
iglog =1.9997353085165477
nu=7.151515846651885
iglog =1.999737520079566
nu=7.19770351189075
iglog =1.9997283870415101
nu=7.166865950536636
iglog =1.9997295060715268
nu=7.189976909747681
iglog =1.9997267990406835
nu=7.174558146132224
iglog =1.9997273602117533
nu=7.186117916962007
iglog =1.9997264724976913
nu=7.178408537286977
iglog =1.9997267532902336
nu=7.184189496706276
iglog =1.9997264259998435
nu=7.186117916962006
iglog =1.9997264724976904
nu=7.183225555495975
iglog =1.9997264319330035
nu=7.185153617183841
iglog =1.9997264395203278
nu=7.183707503694801
iglog =1.9997264265349213
nu=7.1846715345345675
iglog =1.999726430328178
nu=7.183948494598697
iglog =1.999726425659481
nu=7.183707503694801
iglog =1.9997264265349213
nu=7.1840689942519935
iglog =1.9997264256776845
nu=7.183827997746321
iglog =1.9997264259452285
nu=7.184008744075226
iglog =1.9997264256305887
nu=7.1840689942519935
iglog =1.9997264256776845
nu=7.183978619249432
iglog =1.9997264256355372
nu=7.18403886907608
iglog =1.9997264256446374
nu=7.183993681640446
iglog =1.9997264256306877
nu=7.18402380655377
iglog =1.9997264256352378
nu=7.184001212852366
iglog =1.9997264256300447
nu=7.183993681640447
iglog =1.9997264256306888
nu=7.184004978462428
iglog =1.9997264256301681
Current Loglikelihood=-38.77477779526389
Current value of lamb=-3.592000606426183
Current Difference = 0.0045803490516789225
iter = 12
normlog=40.65924063452513
nu=7.184001212852366
iglog =1.999429632674491
nu=7.436843718233356
iglog =2.0000988621676896
nu=6.942917245299664
iglog =2.0000374430049233
nu=7.062024199335908
iglog =1.9995772856062046
nu=7.308917444207481
iglog =1.9996011951416615
nu=7.122649664855618
iglog =1.9994639807789334
nu=7.246087539271972
iglog =1.9994750856351358
nu=7.1532341374741835
iglog =1.999436884624557
nu=7.214951981208992
iglog =1.9994423308166611
nu=7.168594781831748
iglog =1.9994307715222597
nu=7.19945356701589
iglog =1.9994334813389045
nu=7.176292265488706
iglog =1.9994295794889747
nu=7.168594781831748
iglog =1.9994307715222597
nu=7.180145305140751
iglog =1.9994294503257857
nu=7.184001212852365
iglog =1.999429632674491
nu=7.17821842694065
iglog =1.9994294759813502
nu=7.18207290035572
iglog =1.9994295025481938
nu=7.179181776430514
iglog =1.9994294534204413
nu=7.181109013104704
iglog =1.9994294667006238
nu=7.179663518381003
iglog =1.9994294494396285
nu=7.179181776430514
iglog =1.9994294534204413
nu=7.179904406159459
iglog =1.999429449274312
nu=7.180145305140751
iglog =1.9994294503257857
nu=7.1797839608699086
iglog =1.9994294492048752
nu=7.179663518381002
iglog =1.9994294494396296
nu=7.179844183164599
iglog =1.9994294492015687
nu=7.1799044061594595
iglog =1.999429449274312
nu=7.179814071929733
iglog =1.9994294491937152
nu=7.1797839608699086
iglog =1.9994294492048752
nu=7.179829127525286
iglog =1.9994294491952662
nu=7.179799016377941
iglog =1.9994294491969185
nu=7.17982159972204
iglog =1.9994294491938966
nu=7.1798065441483665
iglog =1.9994294491947229
nu=7.179817835824519
iglog =1.999429449193658
Current Loglikelihood=-38.77537163493398
Current value of lamb=-3.5899089179122594
Current Difference = -0.0005938396700955195
