Begining Log likelihood =-83.63194803958666
iter = 1
normlog=48.801947359371454
nu=17.800000000000004
iglog =0.649735936848903
nu=19.520175069445337
iglog =0.7446728178557593
nu=16.2487160665058
iglog =0.5694072007568806
nu=14.84974111037345
iglog =0.5022754449717604
nu=12.450370038203891
iglog =0.4026496444062968
nu=10.499022120159713
iglog =0.34215390229604203
nu=7.621387729022098
iglog =0.3118060702289673
nu=5.718074803575919
iglog =0.37002699087186114
nu=5.718074803575919
iglog =0.37002699087186114
nu=8.91204012249301
iglog =0.3137586518074325
nu=6.571732721453423
iglog =0.33176417592105245
nu=8.233398553525245
iglog =0.3097841215456064
nu=8.91204012249301
iglog =0.3137586518074325
nu=7.9194890099476405
iglog =0.31008027724854176
nu=8.563954669363309
iglog =0.31098609492704515
nu=8.074416369678342
iglog =0.30974930461782796
nu=7.919489009947641
iglog =0.3100802772485425
nu=8.153394040061391
iglog =0.3097204525680631
nu=8.233398553525245
iglog =0.3097841215456064
nu=8.113777677183727
iglog =0.30972338115890014
nu=8.19326711103191
iglog =0.3097406539952218
nu=8.13355387365618
iglog =0.30971903408042295
nu=8.113777677183727
iglog =0.30972338115890014
nu=8.143465947700157
iglog =0.30971902157215975
nu=8.153394040061391
iglog =0.3097204525680631
nu=8.138507910004769
iglog =0.3097188475204564
nu=8.133553873656178
iglog =0.30971903408042406
nu=8.140986428482183
iglog =0.30971888945333453
nu=8.136030391864015
iglog =0.3097188957404906
nu=8.139747044176154
iglog =0.3097188572157169
nu=8.137269025917547
iglog =0.3097188603634231
nu=8.139127445826787
iglog =0.3097188495505501
nu=8.137888436703792
iglog =0.3097188511249188
nu=8.138817670100254
iglog =0.3097188478311508
nu=8.138198165539546
iglog =0.30971884861839954
nu=8.13866278809868
iglog =0.3097188474997192
nu=8.138817670100254
iglog =0.3097188478311508
nu=8.138585348563272
iglog =0.3097188474660675
nu=8.138507910004769
iglog =0.3097188475204564
nu=8.138624068208863
iglog =0.3097188474718871
nu=8.138546629161908
iglog =0.30971884748225686
nu=8.138604708355539
iglog =0.30971884746622513
nu=8.138565988832061
iglog =0.30971884747141076
nu=8.138595028451773
iglog =0.30971884746545847
nu=8.138604708355539
iglog =0.30971884746622513
nu=8.138590188505614
iglog =0.30971884746559153
Current Loglikelihood=-56.45279000247928
Current value of lamb=-4.0692975142258865
Current Difference = 27.179158037107378
iter = 2
normlog=50.65729465292396
nu=8.138595028451773
iglog =0.6958847818058905
nu=8.492634164529377
iglog =0.70971517165854
nu=7.803861417173235
iglog =0.6845001695988907
nu=7.487380612929571
iglog =0.6754369736673582
nu=6.905250444375667
iglog =0.6638131912614015
nu=6.384875702872352
iglog =0.6601566132998843
nu=5.503882140840862
iglog =0.6738013909600188
nu=5.919705048227668
iglog =0.6637091463711563
nu=6.905250444375667
iglog =0.6638131912614015
nu=6.145771270632233
iglog =0.6610755467289195
nu=6.63777031449884
iglog =0.6610385737225979
nu=6.509550572678904
iglog =0.6603668798094621
nu=6.263647700533139
iglog =0.6603964837893084
nu=6.446776218454649
iglog =0.6602047819943745
nu=6.323836861824846
iglog =0.6602209734516212
nu=6.415717495086432
iglog =0.6601665445341812
nu=6.354249326646283
iglog =0.6601748139394316
nu=6.400269577531911
iglog =0.6601580515675662
nu=6.369535682044442
iglog =0.6601622079795573
nu=6.392565896672248
iglog =0.6601564519578141
nu=6.400269577531911
iglog =0.6601580515675662
nu=6.388719115366561
iglog =0.6601563126797643
nu=6.384875702872353
iglog =0.6601566132998844
nu=6.3906420847334795
iglog =0.6601563273102945
nu=6.386796988202472
iglog =0.6601564080237714
nu=6.389680494751606
iglog =0.6601563062455591
nu=6.3906420847334795
iglog =0.6601563273102945
nu=6.389199778737363
iglog =0.6601563060256255
nu=6.388719115366562
iglog =0.6601563126797644
nu=6.3894401301636945
iglog =0.6601563052762919
nu=6.389680494751607
iglog =0.6601563062455591
nu=6.389319952805376
iglog =0.6601563054361391
nu=6.389560310812408
iglog =0.660156305546096
nu=6.389380041073242
iglog =0.6601563053025105
nu=6.389500220076747
iglog =0.6601563053574866
nu=6.389410085515644
iglog =0.660156305275975
nu=6.389380041073242
iglog =0.6601563053025105
nu=6.389425107813963
iglog =0.6601563052727767
nu=6.3894401301636945
iglog =0.6601563052762919
nu=6.389417596658377
iglog =0.6601563052735364
nu=6.3894326189824024
iglog =0.6601563052736954
nu=6.389421352234563
iglog =0.6601563052729473
Current Loglikelihood=-51.222826247606626
Current value of lamb=-3.1947125539069816
Current Difference = 5.2299637548726565
iter = 3
normlog=50.58802239611844
nu=6.389425107813963
iglog =0.7747023568578297
nu=6.565375731740613
iglog =0.7797029923348636
nu=6.22025566113959
iglog =0.7707626511487726
nu=6.057606043596638
iglog =0.7678471124564726
nu=5.750870877309831
iglog =0.7649491696668328
nu=5.467323388985373
iglog =0.7657443720298849
nu=5.467323388985372
iglog =0.7657443720298847
nu=5.606311456593906
iglog =0.7649007537595228
nu=5.467323388985372
iglog =0.7657443720298847
nu=5.677880995498207
iglog =0.7648115575365281
nu=5.750870877309831
iglog =0.7649491696668328
nu=5.641920423355538
iglog =0.7648280453566323
nu=5.7141966447975685
iglog =0.7648517704813258
nu=5.659856542567772
iglog =0.7648127439858282
nu=5.695994217182189
iglog =0.7648245461957401
nu=5.668857700178596
iglog =0.764810382642038
nu=5.659856542567771
iglog =0.7648127439858285
nu=5.673366577225055
iglog =0.764810527589127
nu=5.664354357557246
iglog =0.7648111217541969
nu=5.671111446473784
iglog =0.7648103445493909
nu=5.673366577225055
iglog =0.764810527589127
nu=5.6699844003223125
iglog =0.7648103359615178
nu=5.668857700178596
iglog =0.764810382642038
nu=5.670547880140438
iglog =0.7648103333459864
nu=5.671111446473784
iglog =0.7648103445493909
nu=5.670266129417803
iglog =0.7648103329265
nu=5.6699844003223125
iglog =0.7648103359615178
nu=5.670407002075624
iglog =0.764810332704416
nu=5.670547880140438
iglog =0.7648103333459864
nu=5.670336565070853
iglog =0.7648103327075026
nu=5.670477440432144
iglog =0.7648103329172425
nu=5.6703717834042715
iglog =0.7648103326789701
nu=5.670336565070853
iglog =0.7648103327075026
nu=5.670389392697706
iglog =0.7648103326849455
nu=5.670354174195321
iglog =0.7648103326864891
nu=5.6703805880404285
iglog =0.7648103326802713
nu=5.670362978789235
iglog =0.7648103326810426
nu=5.67037618571971
iglog =0.7648103326791991
nu=5.670367381094113
iglog =0.7648103326795848
nu=5.670373984561331
iglog =0.7648103326789791
Current Loglikelihood=-48.49988858398404
Current value of lamb=-2.8351858917021358
