Begining Log likelihood =-83.63194803958666
iter = 1
normlog=40.242995766128296
nu=17.800000000000004
iglog =0.649735936848903
nu=19.520175069445337
iglog =0.7446728178557593
nu=16.2487160665058
iglog =0.5694072007568806
nu=14.84974111037345
iglog =0.5022754449717604
nu=12.450370038203891
iglog =0.4026496444062968
nu=10.499022120159713
iglog =0.34215390229604203
nu=7.621387729022098
iglog =0.3118060702289673
nu=5.718074803575919
iglog =0.37002699087186114
nu=5.718074803575919
iglog =0.37002699087186114
nu=8.91204012249301
iglog =0.3137586518074325
nu=6.571732721453423
iglog =0.33176417592105245
nu=8.233398553525245
iglog =0.3097841215456064
nu=8.91204012249301
iglog =0.3137586518074325
nu=7.9194890099476405
iglog =0.31008027724854176
nu=8.563954669363309
iglog =0.31098609492704515
nu=8.074416369678342
iglog =0.30974930461782796
nu=7.919489009947641
iglog =0.3100802772485425
nu=8.153394040061391
iglog =0.3097204525680631
nu=8.233398553525245
iglog =0.3097841215456064
nu=8.113777677183727
iglog =0.30972338115890014
nu=8.19326711103191
iglog =0.3097406539952218
nu=8.13355387365618
iglog =0.30971903408042295
nu=8.113777677183727
iglog =0.30972338115890014
nu=8.143465947700157
iglog =0.30971902157215975
nu=8.153394040061391
iglog =0.3097204525680631
nu=8.138507910004769
iglog =0.3097188475204564
nu=8.133553873656178
iglog =0.30971903408042406
nu=8.140986428482183
iglog =0.30971888945333453
nu=8.136030391864015
iglog =0.3097188957404906
nu=8.139747044176154
iglog =0.3097188572157169
nu=8.137269025917547
iglog =0.3097188603634231
nu=8.139127445826787
iglog =0.3097188495505501
nu=8.137888436703792
iglog =0.3097188511249188
nu=8.138817670100254
iglog =0.3097188478311508
nu=8.138198165539546
iglog =0.30971884861839954
nu=8.13866278809868
iglog =0.3097188474997192
nu=8.138817670100254
iglog =0.3097188478311508
nu=8.138585348563272
iglog =0.3097188474660675
nu=8.138507910004769
iglog =0.3097188475204564
nu=8.138624068208863
iglog =0.3097188474718871
nu=8.138546629161908
iglog =0.30971884748225686
nu=8.138604708355539
iglog =0.30971884746622513
nu=8.138565988832061
iglog =0.30971884747141076
nu=8.138595028451773
iglog =0.30971884746545847
nu=8.138604708355539
iglog =0.30971884746622513
nu=8.138590188505614
iglog =0.30971884746559153
Current Loglikelihood=-55.577229447366356
Current value of lamb=-4.0692975142258865
Current Difference = 28.054718592220304
iter = 2
normlog=40.29364096671829
nu=8.138595028451773
iglog =0.6499044413571172
nu=8.492634164529377
iglog =0.6564985238235731
nu=7.803861417173235
iglog =0.6453615453810909
nu=7.487380612929571
iglog =0.6427669913254516
nu=6.905250444375667
iglog =0.6430415342998543
nu=7.1881573019744875
iglog =0.6420239981893268
nu=6.905250444375667
iglog =0.6430415342998543
nu=7.335671822337258
iglog =0.6421698703064516
nu=7.044721093479918
iglog =0.6423181732296962
nu=7.261397601968375
iglog =0.6420412363335858
nu=7.115936529860643
iglog =0.6421167665127833
nu=7.224649116184099
iglog =0.6420187801201565
nu=7.261397601968375
iglog =0.6420412363335858
nu=7.206371237472899
iglog =0.642017940713093
nu=7.1881573019744875
iglog =0.6420239981893268
nu=7.215502169915098
iglog =0.6420174969540188
nu=7.224649116184099
iglog =0.6420187801201565
nu=7.210934703719042
iglog =0.6420175031371328
nu=7.220073639567086
iglog =0.6420179225021275
nu=7.213217936604277
iglog =0.6420174461003294
nu=7.210934703719043
iglog =0.6420175031371332
nu=7.214359928179097
iglog =0.6420174580382191
nu=7.212076195135851
iglog =0.6420174611350632
nu=7.213788901124964
iglog =0.6420174486973655
nu=7.212647034610189
iglog =0.642017450246449
nu=7.213503411048368
iglog =0.6420174465559116
nu=7.212932477791836
iglog =0.6420174473305362
nu=7.213360671872313
iglog =0.6420174461173915
nu=7.213075205244154
iglog =0.6420174465047143
nu=7.213289303749799
iglog =0.6420174460561789
nu=7.213360671872313
iglog =0.6420174461173915
nu=7.213253620054915
iglog =0.6420174460650846
nu=7.213324987688932
iglog =0.6420174460736149
nu=7.213271461871827
iglog =0.6420174460573388
nu=7.213307145688835
iglog =0.6420174460616045
nu=7.21328038280318
iglog =0.642017446055936
nu=7.213271461871827
iglog =0.6420174460573388
nu=7.2132848432745815
iglog =0.6420174460558515
Current Loglikelihood=-52.7530247924908
Current value of lamb=-3.6066424216372908
Current Difference = 2.824204654875558
iter = 3
normlog=40.27093396273253
nu=7.2132848432745815
iglog =0.7273825841201058
nu=7.469095758178317
iglog =0.7310313275338105
nu=6.969439201439255
iglog =0.7251642815472881
nu=6.736999170237077
iglog =0.7243159863393576
nu=6.304226953525181
iglog =0.7265030164701859
nu=6.515431264825193
iglog =0.7247803590688489
nu=6.969439201439255
iglog =0.7251642815472881
nu=6.624888555926455
iglog =0.724387555877886
nu=6.851827426213895
iglog =0.7245725376070957
nu=6.680608213882312
iglog =0.7243111907349062
nu=6.624888555926455
iglog =0.724387555877886
nu=6.708719276551253
iglog =0.7243033895522089
nu=6.736999170237077
iglog =0.7243159863393576
nu=6.694642704476218
iglog =0.7243047471616741
nu=6.722838056285926
iglog =0.7243071314239957
nu=6.7016757224512915
iglog =0.7243034317676775
nu=6.715773382560213
iglog =0.7243046222063534
nu=6.7051961814997085
iglog =0.7243032514069995
nu=6.701675722451291
iglog =0.724303431767677
nu=6.706957399401765
iglog =0.7243032806531549
nu=6.703435622598411
iglog =0.724303301787313
nu=6.706076708060227
iglog =0.7243032560751177
nu=6.704315819689378
iglog =0.7243032666454989
nu=6.705636424184267
iglog =0.7243032512525243
nu=6.706076708060227
iglog =0.7243032560751177
nu=6.705416297693303
iglog =0.7243032507076546
nu=6.705196181499708
iglog =0.7243032514069992
nu=6.705526359651584
iglog =0.72430325082456
nu=6.7053062383093645
iglog =0.7243032509018038
nu=6.705471328350647
iglog =0.7243032507272248
nu=6.705361267679545
iglog =0.7243032507658478
nu=6.705443812941526
iglog =0.72430325070772
nu=6.705388782605977
iglog =0.7243032507270313
nu=6.7054300552973025
iglog =0.7243032507052565
nu=6.705443812941526
iglog =0.72430325070772
nu=6.7054231764902745
iglog =0.7243032507058484
nu=6.7054369341143865
iglog =0.7243032507058803
nu=6.705426615892532
iglog =0.7243032507054007
Current Loglikelihood=-51.09090019125727
Current value of lamb=-3.3527150276486513
