Begining Log likelihood =-39.839849991279344
iter = 1
normlog=57.90735414662579
nu=17.800000000000004
iglog =2.825845483721661
nu=19.520175069445337
iglog =2.957968610176037
nu=16.2487160665058
iglog =2.711981541746025
nu=14.84974111037345
iglog =2.6146071513490443
nu=12.450370038203891
iglog =2.4631124432553833
nu=10.499022120159713
iglog =2.360433028144164
nu=7.621387729022098
iglog =2.267877330913941
nu=5.718074803575919
iglog =2.28495298508585
nu=5.718074803575919
iglog =2.28495298508585
nu=6.571732721453423
iglog =2.265144299267749
nu=5.718074803575919
iglog =2.28495298508585
nu=7.06946567408707
iglog =2.2634312625021114
nu=7.621387729022098
iglog =2.267877330913941
nu=6.8141709673119
iglog =2.2635529848868488
nu=7.338298617819333
iglog =2.2648483052925044
nu=6.940169477657039
iglog =2.2633041938487968
nu=6.8141709673119
iglog =2.2635529848868488
nu=7.004400023095178
iglog =2.263320203537616
nu=6.876763319347876
iglog =2.263382145230268
nu=6.972181035328559
iglog =2.263300385909977
nu=7.004400023095178
iglog =2.263320203537616
nu=6.956149411399471
iglog =2.2632993451774497
nu=6.940169477657039
iglog =2.2633041938487968
nu=6.964158751653219
iglog =2.263299128308859
nu=6.972181035328559
iglog =2.263300385909977
nu=6.960152464904646
iglog =2.2632990525670094
nu=6.956149411399472
iglog =2.2632993451774506
nu=6.96215520396034
iglog =2.2632990443773355
nu=6.964158751653219
iglog =2.263299128308859
nu=6.961153733373246
iglog =2.2632990369590944
nu=6.960152464904646
iglog =2.2632990525670094
nu=6.961654443399432
iglog =2.2632990377896864
nu=6.960653073876684
iglog =2.263299041885041
nu=6.9614040820698175
iglog =2.2632990366547907
nu=6.961654443399432
iglog =2.2632990377896864
nu=6.961278906142441
iglog =2.263299036627046
nu=6.961153733373246
iglog =2.2632990369590944
nu=6.961341493711352
iglog =2.263299036595944
nu=6.9614040820698175
iglog =2.2632990366547907
nu=6.961310199828203
iglog =2.2632990366002512
nu=6.96137278779189
iglog =2.263299036614124
nu=6.961325846745104
iglog =2.2632990365952876
nu=6.961310199828203
iglog =2.2632990366002512
nu=6.96133367022206
iglog =2.263299036594913
nu=6.961341493711353
iglog =2.263299036595944
nu=6.96132975848204
iglog =2.263299036594924
Current Loglikelihood=-38.90324970344347
Current value of lamb=-3.48066683511103
Current Difference = 0.9366002878358728
iter = 2
normlog=55.43863852018394
nu=6.96133367022206
iglog =1.975800648441914
nu=7.191906445028228
iglog =1.9760578950361187
nu=6.741000641652599
iglog =1.97669511849993
nu=7.075310853372576
iglog =1.9757823801884646
nu=7.191906445028228
iglog =1.9760578950361187
nu=7.017998667166106
iglog =1.9757551630378423
nu=6.96133367022206
iglog =1.975800648441914
nu=7.046573401594121
iglog =1.9757596377054847
nu=6.989585728749494
iglog =1.975768863864785
nu=7.032265752417614
iglog =1.9757551226783387
nu=7.046573401594121
iglog =1.9757596377054847
nu=7.025127146496617
iglog =1.9757545741557305
nu=7.017998667166105
iglog =1.9757551630378423
nu=7.02869518273468
iglog =1.9757547061514114
nu=7.021561641905856
iglog =1.9757547265111945
nu=7.026910848047417
iglog =1.9757546045984244
nu=7.0233440778576215
iglog =1.9757546148008207
nu=7.026018918144002
iglog =1.9757545804896988
nu=7.0242355330771815
iglog =1.9757545855937086
nu=7.025573012540061
iglog =1.975754575101045
nu=7.02468132001016
iglog =1.9757545776534025
nu=7.025350074573496
iglog =1.9757545740729918
nu=7.025573012540061
iglog =1.975754575101045
nu=7.0252386092988734
iglog =1.9757545739755153
nu=7.025127146496617
iglog =1.9757545741557305
nu=7.025294341627135
iglog =1.9757545739895424
nu=7.025182877588702
iglog =1.9757545740309121
nu=7.025266475385743
iglog =1.9757545739738505
nu=7.025294341627136
iglog =1.9757545739895417
nu=7.025252542322992
iglog =1.9757545739725135
nu=7.025238609298873
iglog =1.9757545739755153
nu=7.025259508849539
iglog =1.97575457397264
nu=7.025245575806103
iglog =1.9757545739734723
nu=7.025256025585058
iglog =1.975754573972441
Current Loglikelihood=-38.751894680119115
Current value of lamb=-3.512628012792529
Current Difference = 0.15135502332435635
iter = 3
