Begining Log likelihood =-39.839849991279344
iter = 1
normlog=61.605602535435146
nu=17.800000000000004
iglog =2.825845483721661
nu=19.520175069445337
iglog =2.957968610176037
nu=16.2487160665058
iglog =2.711981541746025
nu=14.84974111037345
iglog =2.6146071513490443
nu=12.450370038203891
iglog =2.4631124432553833
nu=10.499022120159713
iglog =2.360433028144164
nu=7.621387729022098
iglog =2.267877330913941
nu=5.718074803575919
iglog =2.28495298508585
nu=5.718074803575919
iglog =2.28495298508585
nu=6.571732721453423
iglog =2.265144299267749
nu=5.718074803575919
iglog =2.28495298508585
nu=7.06946567408707
iglog =2.2634312625021114
nu=7.621387729022098
iglog =2.267877330913941
nu=6.8141709673119
iglog =2.2635529848868488
nu=7.338298617819333
iglog =2.2648483052925044
nu=6.940169477657039
iglog =2.2633041938487968
nu=6.8141709673119
iglog =2.2635529848868488
nu=7.004400023095178
iglog =2.263320203537616
nu=6.876763319347876
iglog =2.263382145230268
nu=6.972181035328559
iglog =2.263300385909977
nu=7.004400023095178
iglog =2.263320203537616
nu=6.956149411399471
iglog =2.2632993451774497
nu=6.940169477657039
iglog =2.2633041938487968
nu=6.964158751653219
iglog =2.263299128308859
nu=6.972181035328559
iglog =2.263300385909977
nu=6.960152464904646
iglog =2.2632990525670094
nu=6.956149411399472
iglog =2.2632993451774506
nu=6.96215520396034
iglog =2.2632990443773355
nu=6.964158751653219
iglog =2.263299128308859
nu=6.961153733373246
iglog =2.2632990369590944
nu=6.960152464904646
iglog =2.2632990525670094
nu=6.961654443399432
iglog =2.2632990377896864
nu=6.960653073876684
iglog =2.263299041885041
nu=6.9614040820698175
iglog =2.2632990366547907
nu=6.961654443399432
iglog =2.2632990377896864
nu=6.961278906142441
iglog =2.263299036627046
nu=6.961153733373246
iglog =2.2632990369590944
nu=6.961341493711352
iglog =2.263299036595944
nu=6.9614040820698175
iglog =2.2632990366547907
nu=6.961310199828203
iglog =2.2632990366002512
nu=6.96137278779189
iglog =2.263299036614124
nu=6.961325846745104
iglog =2.2632990365952876
nu=6.961310199828203
iglog =2.2632990366002512
nu=6.96133367022206
iglog =2.263299036594913
nu=6.961341493711353
iglog =2.263299036595944
nu=6.96132975848204
iglog =2.263299036594924
Current Loglikelihood=-41.34649780104285
Current value of lamb=-3.48066683511103
Current Difference = -1.506647809763507
iter = 2
normlog=61.23269946628682
nu=6.96133367022206
iglog =1.99240779944185
nu=7.191906445028228
iglog =1.9934588935835307
nu=6.741000641652599
iglog =1.992543676754018
nu=6.849916093498466
iglog =1.9923303566618147
nu=6.741000641652597
iglog =1.9925436767540172
nu=6.905308554252809
iglog =1.9923323647852105
nu=6.795149143794955
iglog =1.9924010369548681
nu=6.877533690385581
iglog =1.9923222287560967
nu=6.905308554252809
iglog =1.9923323647852105
nu=6.86370528934289
iglog =1.9923240154790338
nu=6.891401408094071
iglog =1.9923250080078283
nu=6.870614582255149
iglog =1.9923225520912544
nu=6.884462627677512
iglog =1.992323046914041
nu=6.8740729085471
iglog =1.9923222478271205
nu=6.880996929514128
iglog =1.9923224950583132
nu=6.875802992414083
iglog =1.9923222026312162
nu=6.874072908547101
iglog =1.9923222478271214
nu=6.876668264623146
iglog =1.992322206777151
nu=6.874937873731148
iglog =1.9923222163154777
nu=6.876235609326145
iglog =1.9923222024752325
nu=6.876668264623146
iglog =1.992322206777151
nu=6.87601929607221
iglog =1.9923222019960076
nu=6.8758029924140835
iglog =1.9923222026312157
nu=6.876127451499675
iglog =1.9923222020963127
nu=6.875911143043697
iglog =1.9923222021743106
nu=6.87607337348607
iglog =1.992322202011335
nu=6.875965219258088
iglog =1.992322202050334
nu=6.8760463347041725
iglog =1.9923222019949647
nu=6.87607337348607
iglog =1.992322202011335
nu=6.87603281536945
iglog =1.9923222019933102
nu=6.87601929607221
iglog =1.9923222019960076
nu=6.8760395750321255
iglog =1.9923222019935936
nu=6.876026055716145
iglog =1.9923222019941151
nu=6.876036195199616
iglog =1.9923222019933156
Current Loglikelihood=-41.14996839962754
Current value of lamb=-3.438016407684725
Current Difference = 0.1965294014153116
iter = 3
