Begining Log likelihood =-39.839849991279344
iter = 1
normlog=40.69817353117234
nu=17.800000000000004
iglog =2.825845483721661
nu=19.520175069445337
iglog =2.957968610176037
nu=16.2487160665058
iglog =2.711981541746025
nu=14.84974111037345
iglog =2.6146071513490443
nu=12.450370038203891
iglog =2.4631124432553833
nu=10.499022120159713
iglog =2.360433028144164
nu=7.621387729022098
iglog =2.267877330913941
nu=5.718074803575919
iglog =2.28495298508585
nu=5.718074803575919
iglog =2.28495298508585
nu=6.571732721453423
iglog =2.265144299267749
nu=5.718074803575919
iglog =2.28495298508585
nu=7.06946567408707
iglog =2.2634312625021114
nu=7.621387729022098
iglog =2.267877330913941
nu=6.8141709673119
iglog =2.2635529848868488
nu=7.338298617819333
iglog =2.2648483052925044
nu=6.940169477657039
iglog =2.2633041938487968
nu=6.8141709673119
iglog =2.2635529848868488
nu=7.004400023095178
iglog =2.263320203537616
nu=6.876763319347876
iglog =2.263382145230268
nu=6.972181035328559
iglog =2.263300385909977
nu=7.004400023095178
iglog =2.263320203537616
nu=6.956149411399471
iglog =2.2632993451774497
nu=6.940169477657039
iglog =2.2633041938487968
nu=6.964158751653219
iglog =2.263299128308859
nu=6.972181035328559
iglog =2.263300385909977
nu=6.960152464904646
iglog =2.2632990525670094
nu=6.956149411399472
iglog =2.2632993451774506
nu=6.96215520396034
iglog =2.2632990443773355
nu=6.964158751653219
iglog =2.263299128308859
nu=6.961153733373246
iglog =2.2632990369590944
nu=6.960152464904646
iglog =2.2632990525670094
nu=6.961654443399432
iglog =2.2632990377896864
nu=6.960653073876684
iglog =2.263299041885041
nu=6.9614040820698175
iglog =2.2632990366547907
nu=6.961654443399432
iglog =2.2632990377896864
nu=6.961278906142441
iglog =2.263299036627046
nu=6.961153733373246
iglog =2.2632990369590944
nu=6.961341493711352
iglog =2.263299036595944
nu=6.9614040820698175
iglog =2.2632990366547907
nu=6.961310199828203
iglog =2.2632990366002512
nu=6.96137278779189
iglog =2.263299036614124
nu=6.961325846745104
iglog =2.2632990365952876
nu=6.961310199828203
iglog =2.2632990366002512
nu=6.96133367022206
iglog =2.263299036594913
nu=6.961341493711353
iglog =2.263299036595944
nu=6.96132975848204
iglog =2.263299036594924
Current Loglikelihood=-38.900130956195355
Current value of lamb=-3.48066683511103
Current Difference = 0.9397190350839892
iter = 2
normlog=40.6721997860068
nu=6.96133367022206
iglog =2.0103150298589525
nu=7.191906445028228
iglog =2.0098640711604774
nu=7.433194847529608
iglog =2.010579642529259
nu=7.075310853372576
iglog =2.0099466801857866
nu=7.31118059813288
iglog =2.0100730576117956
nu=7.133277620599415
iglog =2.009869295600577
nu=7.251204888228508
iglog =2.00993174327466
nu=7.162508805078135
iglog =2.0098576175526675
nu=7.133277620599415
iglog =2.009869295600577
nu=7.177186759003402
iglog =2.0098585721419986
nu=7.147872464936851
iglog =2.0098611958682726
nu=7.16984257293092
iglog =2.0098575275147965
nu=7.177186759003402
iglog =2.0098585721419986
nu=7.166174387651241
iglog =2.009857430790615
nu=7.162508805078135
iglog =2.0098576175526675
nu=7.168008154837288
iglog =2.009857443705681
nu=7.164341271141816
iglog =2.0098574887471057
nu=7.167091189895253
iglog =2.009857428387796
nu=7.168008154837288
iglog =2.009857443705681
nu=7.166632768437799
iglog =2.009857427374294
nu=7.166174387651241
iglog =2.009857430790615
nu=7.166861974082438
iglog =2.009857427327294
nu=7.1670911898952525
iglog =2.0098574283877966
nu=7.166747369989125
iglog =2.0098574272123595
nu=7.1666327684377995
iglog =2.009857427374293
nu=7.16680467171803
iglog =2.009857427235219
nu=7.166690068895717
iglog =2.009857427258718
nu=7.166776020774139
iglog =2.009857427215137
nu=7.166718719362985
iglog =2.0098574272268865
nu=7.166761695361773
iglog =2.009857427211585
nu=7.166776020774139
iglog =2.009857427215137
nu=7.166754532670485
iglog =2.009857427211432
nu=7.1667473699891255
iglog =2.0098574272123604
nu=7.166758114014888
iglog =2.0098574272113736
Current Loglikelihood=-38.7813306975608
Current value of lamb=-3.583379057007444
Current Difference = 0.11880025863455757
iter = 3
