Begining Log likelihood =-83.63194803958666
iter = 1
normlog=48.801947359371454
nu=17.800000000000004
iglog =0.649735936848903
nu=19.520175069445337
iglog =0.7446728178557593
nu=16.2487160665058
iglog =0.5694072007568806
nu=14.84974111037345
iglog =0.5022754449717604
nu=12.450370038203891
iglog =0.4026496444062968
nu=10.499022120159713
iglog =0.34215390229604203
nu=7.621387729022098
iglog =0.3118060702289673
nu=5.718074803575919
iglog =0.37002699087186114
nu=5.718074803575919
iglog =0.37002699087186114
nu=8.91204012249301
iglog =0.3137586518074325
nu=6.571732721453423
iglog =0.33176417592105245
nu=8.233398553525245
iglog =0.3097841215456064
nu=8.91204012249301
iglog =0.3137586518074325
nu=7.9194890099476405
iglog =0.31008027724854176
nu=8.563954669363309
iglog =0.31098609492704515
nu=8.074416369678342
iglog =0.30974930461782796
nu=7.919489009947641
iglog =0.3100802772485425
nu=8.153394040061391
iglog =0.3097204525680631
nu=8.233398553525245
iglog =0.3097841215456064
nu=8.113777677183727
iglog =0.30972338115890014
nu=8.19326711103191
iglog =0.3097406539952218
nu=8.13355387365618
iglog =0.30971903408042295
nu=8.113777677183727
iglog =0.30972338115890014
nu=8.143465947700157
iglog =0.30971902157215975
nu=8.153394040061391
iglog =0.3097204525680631
nu=8.138507910004769
iglog =0.3097188475204564
nu=8.133553873656178
iglog =0.30971903408042406
nu=8.140986428482183
iglog =0.30971888945333453
nu=8.136030391864015
iglog =0.3097188957404906
nu=8.139747044176154
iglog =0.3097188572157169
nu=8.137269025917547
iglog =0.3097188603634231
nu=8.139127445826787
iglog =0.3097188495505501
nu=8.137888436703792
iglog =0.3097188511249188
nu=8.138817670100254
iglog =0.3097188478311508
nu=8.138198165539546
iglog =0.30971884861839954
nu=8.13866278809868
iglog =0.3097188474997192
nu=8.138817670100254
iglog =0.3097188478311508
nu=8.138585348563272
iglog =0.3097188474660675
nu=8.138507910004769
iglog =0.3097188475204564
nu=8.138624068208863
iglog =0.3097188474718871
nu=8.138546629161908
iglog =0.30971884748225686
nu=8.138604708355539
iglog =0.30971884746622513
nu=8.138565988832061
iglog =0.30971884747141076
nu=8.138595028451773
iglog =0.30971884746545847
nu=8.138604708355539
iglog =0.30971884746622513
nu=8.138590188505614
iglog =0.30971884746559153
Current Loglikelihood=-55.488876469628245
Current value of lamb=-4.0692975142258865
Current Difference = 28.143071569958416
iter = 2
