Begining Log likelihood =-39.839849991279344
iter = 1
normlog=61.605602535435146
nu=17.800000000000004
iglog =2.825845483721661
nu=19.520175069445337
iglog =2.957968610176037
nu=16.2487160665058
iglog =2.711981541746025
nu=14.84974111037345
iglog =2.6146071513490443
nu=12.450370038203891
iglog =2.4631124432553833
nu=10.499022120159713
iglog =2.360433028144164
nu=7.621387729022098
iglog =2.267877330913941
nu=5.718074803575919
iglog =2.28495298508585
nu=5.718074803575919
iglog =2.28495298508585
nu=6.571732721453423
iglog =2.265144299267749
nu=5.718074803575919
iglog =2.28495298508585
nu=7.06946567408707
iglog =2.2634312625021114
nu=7.621387729022098
iglog =2.267877330913941
nu=6.8141709673119
iglog =2.2635529848868488
nu=7.338298617819333
iglog =2.2648483052925044
nu=6.940169477657039
iglog =2.2633041938487968
nu=6.8141709673119
iglog =2.2635529848868488
nu=7.004400023095178
iglog =2.263320203537616
nu=6.876763319347876
iglog =2.263382145230268
nu=6.972181035328559
iglog =2.263300385909977
nu=7.004400023095178
iglog =2.263320203537616
nu=6.956149411399471
iglog =2.2632993451774497
nu=6.940169477657039
iglog =2.2633041938487968
nu=6.964158751653219
iglog =2.263299128308859
nu=6.972181035328559
iglog =2.263300385909977
nu=6.960152464904646
iglog =2.2632990525670094
nu=6.956149411399472
iglog =2.2632993451774506
nu=6.96215520396034
iglog =2.2632990443773355
nu=6.964158751653219
iglog =2.263299128308859
nu=6.961153733373246
iglog =2.2632990369590944
nu=6.960152464904646
iglog =2.2632990525670094
nu=6.961654443399432
iglog =2.2632990377896864
nu=6.960653073876684
iglog =2.263299041885041
nu=6.9614040820698175
iglog =2.2632990366547907
nu=6.961654443399432
iglog =2.2632990377896864
nu=6.961278906142441
iglog =2.263299036627046
nu=6.961153733373246
iglog =2.2632990369590944
nu=6.961341493711352
iglog =2.263299036595944
nu=6.9614040820698175
iglog =2.2632990366547907
nu=6.961310199828203
iglog =2.2632990366002512
nu=6.96137278779189
iglog =2.263299036614124
nu=6.961325846745104
iglog =2.2632990365952876
nu=6.961310199828203
iglog =2.2632990366002512
nu=6.96133367022206
iglog =2.263299036594913
nu=6.961341493711353
iglog =2.263299036595944
nu=6.96132975848204
iglog =2.263299036594924
Current Loglikelihood=-38.89452812353025
Current value of lamb=-3.48066683511103
Current Difference = 0.9453218677490938
iter = 2
normlog=61.787537785586146
nu=6.96133367022206
iglog =1.9980492885631815
nu=7.191906445028228
iglog =1.9986500376971958
nu=6.741000641652599
iglog =1.998615511043048
nu=6.849916093498466
iglog =1.9981894618893234
nu=7.075310853372577
iglog =1.998200821154284
nu=6.905308554252809
iglog =1.998083279797357
nu=7.017998667166107
iglog =1.9980882214968123
nu=6.933241580648849
iglog =1.9980572147067062
nu=6.9895857287494945
iglog =1.9980595933171412
nu=6.9472676860477875
iglog =1.9980509785331628
nu=6.975439646554297
iglog =1.9980521563085418
nu=6.954295686209137
iglog =1.9980495645540857
nu=6.968381652269437
iglog =1.9980501520005476
nu=6.957813429348193
iglog =1.9980492842201587
nu=6.954295686209137
iglog =1.9980495645540857
nu=6.959573237457462
iglog =1.9980492507957994
nu=6.96133367022206
iglog =1.9980492885631815
nu=6.958693255334766
iglog =1.9980492586104182
nu=6.960453375743989
iglog =1.9980492607791152
nu=6.959133226877367
iglog =1.9980492524785423
nu=6.960013287078515
iglog =1.9980492535625398
nu=6.959353227287511
iglog =1.9980492510810082
nu=6.959793257387652
iglog =1.9980492516229629
nu=6.959463231152483
iglog =1.9980492507993608
nu=6.9596832462025
iglog =1.9980492510703318
nu=6.959518233999969
iglog =1.998049250762818
nu=6.959463231152484
iglog =1.9980492507993597
nu=6.959545735652464
iglog =1.9980492507706185
nu=6.959490732499976
iglog =1.9980492507723993
nu=6.959531984807153
iglog =1.9980492507645458
nu=6.959504483230909
iglog =1.9980492507654366
nu=6.959525109398796
iglog =1.9980492507631396
nu=6.959511358610674
iglog =1.9980492507635839
nu=6.959521671698191
iglog =1.9980492507628431
Current Loglikelihood=-38.74473975672825
Current value of lamb=-3.4797591169999844
Current Difference = 0.14978836680199947
iter = 3
